<?xml version="1.0" encoding="utf-8"?>
<test-run id="2" testcasecount="1078" result="Passed" total="1078" passed="1069" failed="0" inconclusive="0" skipped="9" asserts="0" engine-version="3.5.0.0" clr-version="4.0.30319.42000" start-time="2026-09-26 13:18:45Z" end-time="2026-09-26 13:20:58Z" duration="133.5361982">
  <test-suite type="TestSuite" id="1000" name="My project" fullname="My project" runstate="Runnable" testcasecount="1078" result="Passed" start-time="2026-09-26 13:18:45Z" end-time="2026-09-26 13:20:58Z" duration="133.536198" total="1078" passed="1069" failed="0" inconclusive="0" skipped="9" asserts="0">
    <properties>
      <property name="platform" value="EditMode" />
    </properties>
    <test-suite type="Assembly" id="2220" name="Assembly-CSharp-Editor.dll" fullname="E:/GO! Live/Library/ScriptAssemblies/Assembly-CSharp-Editor.dll" runstate="Runnable" testcasecount="1078" result="Passed" start-time="2026-09-26 13:18:45Z" end-time="2026-09-26 13:20:58Z" duration="133.530947" total="1078" passed="1069" failed="0" inconclusive="0" skipped="9" asserts="0">
      <properties>
        <property name="_PID" value="25728" />
        <property name="_APPDOMAIN" value="Unity Child Domain" />
        <property name="platform" value="EditMode" />
        <property name="EditorOnly" value="True" />
      </properties>
      <test-suite type="TestSuite" id="2221" name="GoLive" fullname="GoLive" runstate="Runnable" testcasecount="1078" result="Passed" start-time="2026-09-26 13:18:45Z" end-time="2026-09-26 13:20:58Z" duration="133.530754" total="1078" passed="1069" failed="0" inconclusive="0" skipped="9" asserts="0">
        <properties />
        <test-suite type="TestSuite" id="2222" name="Tests" fullname="GoLive.Tests" runstate="Runnable" testcasecount="1078" result="Passed" start-time="2026-09-26 13:18:45Z" end-time="2026-09-26 13:20:58Z" duration="133.530296" total="1078" passed="1069" failed="0" inconclusive="0" skipped="9" asserts="0">
          <properties />
          <test-suite type="TestFixture" id="1001" name="ApartmentLightingPlayModeTests" fullname="GoLive.Tests.ApartmentLightingPlayModeTests" classname="GoLive.Tests.ApartmentLightingPlayModeTests" runstate="Runnable" testcasecount="6" result="Passed" start-time="2026-09-26 13:18:45Z" end-time="2026-09-26 13:18:50Z" duration="5.563632" total="6" passed="6" failed="0" inconclusive="0" skipped="0" asserts="0">
            <properties />
            <test-case id="1005" name="EveryLampShinesWithItsOwnAuthoredIntensity" fullname="GoLive.Tests.ApartmentLightingPlayModeTests.EveryLampShinesWithItsOwnAuthoredIntensity" methodname="EveryLampShinesWithItsOwnAuthoredIntensity" classname="GoLive.Tests.ApartmentLightingPlayModeTests" runstate="Runnable" seed="1114345115" result="Passed" start-time="2026-09-26 13:18:45Z" end-time="2026-09-26 13:18:47Z" duration="1.896950" asserts="0">
              <properties>
                <property name="_JOINTYPE" value="UnityCombinatorial" />
                <property name="retryIteration" value="0" />
                <property name="repeatIteration" value="0" />
              </properties>
              <output><![CDATA[BoxCollider does not support negative scale or size.
The effective box size has been forced positive and is likely to give unexpected collision geometry.
If you absolutely need to use negative scaling you can use the convex MeshCollider. Scene hierarchy path "Props/SM_Shelf_001"
Reduced additional punctual light shadows resolution by 2 to make 20 shadow maps fit in the 2048x2048 shadow atlas. To avoid this, increase shadow atlas size, decrease big shadow resolutions, or reduce the number of shadow maps active in the same frame
Reduced additional punctual light shadows resolution by 2 to make 20 shadow maps fit in the 2048x2048 shadow atlas. To avoid this, increase shadow atlas size, decrease big shadow resolutions, or reduce the number of shadow maps active in the same frame
]]></output>
            </test-case>
            <test-case id="1003" name="LampsStayOffThroughTheAfternoonAndComeInAtDusk" fullname="GoLive.Tests.ApartmentLightingPlayModeTests.LampsStayOffThroughTheAfternoonAndComeInAtDusk" methodname="LampsStayOffThroughTheAfternoonAndComeInAtDusk" classname="GoLive.Tests.ApartmentLightingPlayModeTests" runstate="Runnable" seed="1310180055" result="Passed" start-time="2026-09-26 13:18:47Z" end-time="2026-09-26 13:18:47Z" duration="0.280224" asserts="0">
              <properties>
                <property name="_JOINTYPE" value="UnityCombinatorial" />
                <property name="retryIteration" value="0" />
                <property name="repeatIteration" value="0" />
              </properties>
              <output><![CDATA[BoxCollider does not support negative scale or size.
The effective box size has been forced positive and is likely to give unexpected collision geometry.
If you absolutely need to use negative scaling you can use the convex MeshCollider. Scene hierarchy path "Props/SM_Shelf_001"
Reduced additional punctual light shadows resolution by 2 to make 20 shadow maps fit in the 2048x2048 shadow atlas. To avoid this, increase shadow atlas size, decrease big shadow resolutions, or reduce the number of shadow maps active in the same frame
Reduced additional punctual light shadows resolution by 2 to make 20 shadow maps fit in the 2048x2048 shadow atlas. To avoid this, increase shadow atlas size, decrease big shadow resolutions, or reduce the number of shadow maps active in the same frame
Reduced additional punctual light shadows resolution by 2 to make 20 shadow maps fit in the 2048x2048 shadow atlas. To avoid this, increase shadow atlas size, decrease big shadow resolutions, or reduce the number of shadow maps active in the same frame
Reduced additional punctual light shadows resolution by 2 to make 20 shadow maps fit in the 2048x2048 shadow atlas. To avoid this, increase shadow atlas size, decrease big shadow resolutions, or reduce the number of shadow maps active in the same frame
]]></output>
            </test-case>
            <test-case id="1006" name="TheMonitorGoesDarkWhenThePcCanNotReachADesktop" fullname="GoLive.Tests.ApartmentLightingPlayModeTests.TheMonitorGoesDarkWhenThePcCanNotReachADesktop" methodname="TheMonitorGoesDarkWhenThePcCanNotReachADesktop" classname="GoLive.Tests.ApartmentLightingPlayModeTests" runstate="Runnable" seed="699324047" result="Passed" start-time="2026-09-26 13:18:47Z" end-time="2026-09-26 13:18:48Z" duration="0.244172" asserts="0">
              <properties>
                <property name="_JOINTYPE" value="UnityCombinatorial" />
                <property name="retryIteration" value="0" />
                <property name="repeatIteration" value="0" />
              </properties>
              <output><![CDATA[BoxCollider does not support negative scale or size.
The effective box size has been forced positive and is likely to give unexpected collision geometry.
If you absolutely need to use negative scaling you can use the convex MeshCollider. Scene hierarchy path "Props/SM_Shelf_001"
]]></output>
            </test-case>
            <test-case id="1002" name="TheNewGameMorningIsSunlitWithEveryLampOff" fullname="GoLive.Tests.ApartmentLightingPlayModeTests.TheNewGameMorningIsSunlitWithEveryLampOff" methodname="TheNewGameMorningIsSunlitWithEveryLampOff" classname="GoLive.Tests.ApartmentLightingPlayModeTests" runstate="Runnable" seed="450381021" result="Passed" start-time="2026-09-26 13:18:48Z" end-time="2026-09-26 13:18:48Z" duration="0.240991" asserts="0">
              <properties>
                <property name="_JOINTYPE" value="UnityCombinatorial" />
                <property name="retryIteration" value="0" />
                <property name="repeatIteration" value="0" />
              </properties>
              <output><![CDATA[BoxCollider does not support negative scale or size.
The effective box size has been forced positive and is likely to give unexpected collision geometry.
If you absolutely need to use negative scaling you can use the convex MeshCollider. Scene hierarchy path "Props/SM_Shelf_001"
]]></output>
            </test-case>
            <test-case id="1004" name="TheNightIsLitByTheDeskLampAndTheScreenAndHoldsUntilDawn" fullname="GoLive.Tests.ApartmentLightingPlayModeTests.TheNightIsLitByTheDeskLampAndTheScreenAndHoldsUntilDawn" methodname="TheNightIsLitByTheDeskLampAndTheScreenAndHoldsUntilDawn" classname="GoLive.Tests.ApartmentLightingPlayModeTests" runstate="Runnable" seed="1112500990" result="Passed" start-time="2026-09-26 13:18:48Z" end-time="2026-09-26 13:18:48Z" duration="0.274557" asserts="0">
              <properties>
                <property name="_JOINTYPE" value="UnityCombinatorial" />
                <property name="retryIteration" value="0" />
                <property name="repeatIteration" value="0" />
              </properties>
              <output><![CDATA[BoxCollider does not support negative scale or size.
The effective box size has been forced positive and is likely to give unexpected collision geometry.
If you absolutely need to use negative scaling you can use the convex MeshCollider. Scene hierarchy path "Props/SM_Shelf_001"
]]></output>
            </test-case>
            <test-case id="1007" name="TheWorkbenchLightFollowsTheBuildView" fullname="GoLive.Tests.ApartmentLightingPlayModeTests.TheWorkbenchLightFollowsTheBuildView" methodname="TheWorkbenchLightFollowsTheBuildView" classname="GoLive.Tests.ApartmentLightingPlayModeTests" runstate="Runnable" seed="356581437" result="Passed" start-time="2026-09-26 13:18:48Z" end-time="2026-09-26 13:18:50Z" duration="2.268942" asserts="0">
              <properties>
                <property name="_JOINTYPE" value="UnityCombinatorial" />
                <property name="retryIteration" value="0" />
                <property name="repeatIteration" value="0" />
              </properties>
              <output><![CDATA[BoxCollider does not support negative scale or size.
The effective box size has been forced positive and is likely to give unexpected collision geometry.
If you absolutely need to use negative scaling you can use the convex MeshCollider. Scene hierarchy path "Props/SM_Shelf_001"
]]></output>
            </test-case>
          </test-suite>
          <test-suite type="TestFixture" id="1017" name="AudienceSimulationTests" fullname="GoLive.Tests.AudienceSimulationTests" classname="GoLive.Tests.AudienceSimulationTests" runstate="Runnable" testcasecount="18" result="Passed" start-time="2026-09-26 13:18:50Z" end-time="2026-09-26 13:18:50Z" duration="0.046454" total="18" passed="18" failed="0" inconclusive="0" skipped="0" asserts="0">
            <properties />
            <test-case id="1022" name="AverageAndPeakAreComputedFromTheSimulatedSeconds" fullname="GoLive.Tests.AudienceSimulationTests.AverageAndPeakAreComputedFromTheSimulatedSeconds" methodname="AverageAndPeakAreComputedFromTheSimulatedSeconds" classname="GoLive.Tests.AudienceSimulationTests" runstate="Runnable" seed="1718261191" result="Passed" start-time="2026-09-26 13:18:50Z" end-time="2026-09-26 13:18:50Z" duration="0.003461" asserts="0">
              <properties>
                <property name="retryIteration" value="0" />
                <property name="repeatIteration" value="0" />
              </properties>
            </test-case>
            <test-case id="1027" name="BadInternetHurtsRetention" fullname="GoLive.Tests.AudienceSimulationTests.BadInternetHurtsRetention" methodname="BadInternetHurtsRetention" classname="GoLive.Tests.AudienceSimulationTests" runstate="Runnable" seed="754774689" result="Passed" start-time="2026-09-26 13:18:50Z" end-time="2026-09-26 13:18:50Z" duration="0.012322" asserts="0">
              <properties>
                <property name="retryIteration" value="0" />
                <property name="repeatIteration" value="0" />
              </properties>
            </test-case>
            <test-case id="1025" name="DailyPeakLiesInPrimeTimeAndNightIsWeakerButViable" fullname="GoLive.Tests.AudienceSimulationTests.DailyPeakLiesInPrimeTimeAndNightIsWeakerButViable" methodname="DailyPeakLiesInPrimeTimeAndNightIsWeakerButViable" classname="GoLive.Tests.AudienceSimulationTests" runstate="Runnable" seed="411587379" result="Passed" start-time="2026-09-26 13:18:50Z" end-time="2026-09-26 13:18:50Z" duration="0.001195" asserts="0">
              <properties>
                <property name="retryIteration" value="0" />
                <property name="repeatIteration" value="0" />
              </properties>
            </test-case>
            <test-case id="1036" name="DonationCreditsTheWalletExactlyOnce" fullname="GoLive.Tests.AudienceSimulationTests.DonationCreditsTheWalletExactlyOnce" methodname="DonationCreditsTheWalletExactlyOnce" classname="GoLive.Tests.AudienceSimulationTests" runstate="Runnable" seed="1432820572" result="Passed" start-time="2026-09-26 13:18:50Z" end-time="2026-09-26 13:18:50Z" duration="0.001734" asserts="0">
              <properties>
                <property name="retryIteration" value="0" />
                <property name="repeatIteration" value="0" />
              </properties>
            </test-case>
            <test-case id="1034" name="FinishFreezesTheResult" fullname="GoLive.Tests.AudienceSimulationTests.FinishFreezesTheResult" methodname="FinishFreezesTheResult" classname="GoLive.Tests.AudienceSimulationTests" runstate="Runnable" seed="1313691485" result="Passed" start-time="2026-09-26 13:18:50Z" end-time="2026-09-26 13:18:50Z" duration="0.000764" asserts="0">
              <properties>
                <property name="retryIteration" value="0" />
                <property name="repeatIteration" value="0" />
              </properties>
            </test-case>
            <test-case id="1031" name="FirstStreamBoostIsTemporaryAndOnlyWhenEligible" fullname="GoLive.Tests.AudienceSimulationTests.FirstStreamBoostIsTemporaryAndOnlyWhenEligible" methodname="FirstStreamBoostIsTemporaryAndOnlyWhenEligible" classname="GoLive.Tests.AudienceSimulationTests" runstate="Runnable" seed="272356167" result="Passed" start-time="2026-09-26 13:18:50Z" end-time="2026-09-26 13:18:50Z" duration="0.000885" asserts="0">
              <properties>
                <property name="retryIteration" value="0" />
                <property name="repeatIteration" value="0" />
              </properties>
            </test-case>
            <test-case id="1024" name="FrameSplitDoesNotChangeTheAudience" fullname="GoLive.Tests.AudienceSimulationTests.FrameSplitDoesNotChangeTheAudience" methodname="FrameSplitDoesNotChangeTheAudience" classname="GoLive.Tests.AudienceSimulationTests" runstate="Runnable" seed="96212733" result="Passed" start-time="2026-09-26 13:18:50Z" end-time="2026-09-26 13:18:50Z" duration="0.000899" asserts="0">
              <properties>
                <property name="retryIteration" value="0" />
                <property name="repeatIteration" value="0" />
              </properties>
            </test-case>
            <test-case id="1028" name="HardwareChangesStabilityAndQualityNeverViewersDirectly" fullname="GoLive.Tests.AudienceSimulationTests.HardwareChangesStabilityAndQualityNeverViewersDirectly" methodname="HardwareChangesStabilityAndQualityNeverViewersDirectly" classname="GoLive.Tests.AudienceSimulationTests" runstate="Runnable" seed="339629095" result="Passed" start-time="2026-09-26 13:18:50Z" end-time="2026-09-26 13:18:50Z" duration="0.000261" asserts="0">
              <properties>
                <property name="retryIteration" value="0" />
                <property name="repeatIteration" value="0" />
              </properties>
            </test-case>
            <test-case id="1033" name="HugeDeltaIsBoundedAndKeepsAverageFinite" fullname="GoLive.Tests.AudienceSimulationTests.HugeDeltaIsBoundedAndKeepsAverageFinite" methodname="HugeDeltaIsBoundedAndKeepsAverageFinite" classname="GoLive.Tests.AudienceSimulationTests" runstate="Runnable" seed="1485785696" result="Passed" start-time="2026-09-26 13:18:50Z" end-time="2026-09-26 13:18:50Z" duration="0.000896" asserts="0">
              <properties>
                <property name="retryIteration" value="0" />
                <property name="repeatIteration" value="0" />
              </properties>
            </test-case>
            <test-suite type="ParameterizedMethod" id="1020" name="InitialViewerCountIsValid" fullname="GoLive.Tests.AudienceSimulationTests.InitialViewerCountIsValid" classname="GoLive.Tests.AudienceSimulationTests" runstate="Runnable" testcasecount="2" result="Passed" start-time="2026-09-26 13:18:50Z" end-time="2026-09-26 13:18:50Z" duration="0.000835" total="2" passed="2" failed="0" inconclusive="0" skipped="0" asserts="0">
              <properties />
              <test-case id="1018" name="InitialViewerCountIsValid(True)" fullname="GoLive.Tests.AudienceSimulationTests.InitialViewerCountIsValid(True)" methodname="InitialViewerCountIsValid" classname="GoLive.Tests.AudienceSimulationTests" runstate="Runnable" seed="1569640729" result="Passed" start-time="2026-09-26 13:18:50Z" end-time="2026-09-26 13:18:50Z" duration="0.000385" asserts="0">
                <properties>
                  <property name="retryIteration" value="0" />
                  <property name="repeatIteration" value="0" />
                </properties>
              </test-case>
              <test-case id="1019" name="InitialViewerCountIsValid(False)" fullname="GoLive.Tests.AudienceSimulationTests.InitialViewerCountIsValid(False)" methodname="InitialViewerCountIsValid" classname="GoLive.Tests.AudienceSimulationTests" runstate="Runnable" seed="1787679841" result="Passed" start-time="2026-09-26 13:18:50Z" end-time="2026-09-26 13:18:50Z" duration="0.000167" asserts="0">
                <properties>
                  <property name="retryIteration" value="0" />
                  <property name="repeatIteration" value="0" />
                </properties>
              </test-case>
            </test-suite>
            <test-case id="1035" name="InvalidTuningAndInputsAreRejected" fullname="GoLive.Tests.AudienceSimulationTests.InvalidTuningAndInputsAreRejected" methodname="InvalidTuningAndInputsAreRejected" classname="GoLive.Tests.AudienceSimulationTests" runstate="Runnable" seed="1099222229" result="Passed" start-time="2026-09-26 13:18:50Z" end-time="2026-09-26 13:18:50Z" duration="0.000540" asserts="0">
              <properties>
                <property name="retryIteration" value="0" />
                <property name="repeatIteration" value="0" />
              </properties>
            </test-case>
            <test-case id="1029" name="MissingInGameMicrophoneDegradesAudioButTheAudienceContinues" fullname="GoLive.Tests.AudienceSimulationTests.MissingInGameMicrophoneDegradesAudioButTheAudienceContinues" methodname="MissingInGameMicrophoneDegradesAudioButTheAudienceContinues" classname="GoLive.Tests.AudienceSimulationTests" runstate="Runnable" seed="1044905403" result="Passed" start-time="2026-09-26 13:18:50Z" end-time="2026-09-26 13:18:50Z" duration="0.000263" asserts="0">
              <properties>
                <property name="retryIteration" value="0" />
                <property name="repeatIteration" value="0" />
              </properties>
            </test-case>
            <test-case id="1032" name="OutcomesAreDrawnFromViewersOnly" fullname="GoLive.Tests.AudienceSimulationTests.OutcomesAreDrawnFromViewersOnly" methodname="OutcomesAreDrawnFromViewersOnly" classname="GoLive.Tests.AudienceSimulationTests" runstate="Runnable" seed="640399408" result="Passed" start-time="2026-09-26 13:18:50Z" end-time="2026-09-26 13:18:50Z" duration="0.000769" asserts="0">
              <properties>
                <property name="retryIteration" value="0" />
                <property name="repeatIteration" value="0" />
              </properties>
            </test-case>
            <test-case id="1026" name="PrimeTimeImprovesPotentialAndNightLowersIt" fullname="GoLive.Tests.AudienceSimulationTests.PrimeTimeImprovesPotentialAndNightLowersIt" methodname="PrimeTimeImprovesPotentialAndNightLowersIt" classname="GoLive.Tests.AudienceSimulationTests" runstate="Runnable" seed="1355565502" result="Passed" start-time="2026-09-26 13:18:50Z" end-time="2026-09-26 13:18:50Z" duration="0.016551" asserts="0">
              <properties>
                <property name="retryIteration" value="0" />
                <property name="repeatIteration" value="0" />
              </properties>
              <output><![CDATA[average viewers prime=4.15 noon=2.57 night=1.06
]]></output>
            </test-case>
            <test-case id="1023" name="SameSeedReproducesTheAudienceAndOtherSeedsDiffer" fullname="GoLive.Tests.AudienceSimulationTests.SameSeedReproducesTheAudienceAndOtherSeedsDiffer" methodname="SameSeedReproducesTheAudienceAndOtherSeedsDiffer" classname="GoLive.Tests.AudienceSimulationTests" runstate="Runnable" seed="723825716" result="Passed" start-time="2026-09-26 13:18:50Z" end-time="2026-09-26 13:18:50Z" duration="0.001065" asserts="0">
              <properties>
                <property name="retryIteration" value="0" />
                <property name="repeatIteration" value="0" />
              </properties>
            </test-case>
            <test-case id="1021" name="ViewerCountMovesOrganicallyUpAndDownAndNeverGoesNegative" fullname="GoLive.Tests.AudienceSimulationTests.ViewerCountMovesOrganicallyUpAndDownAndNeverGoesNegative" methodname="ViewerCountMovesOrganicallyUpAndDownAndNeverGoesNegative" classname="GoLive.Tests.AudienceSimulationTests" runstate="Runnable" seed="1505247211" result="Passed" start-time="2026-09-26 13:18:50Z" end-time="2026-09-26 13:18:50Z" duration="0.002120" asserts="0">
              <properties>
                <property name="retryIteration" value="0" />
                <property name="repeatIteration" value="0" />
              </properties>
              <output><![CDATA[first minutes: 0 0 0 0 2 4 7 7 7 6 5 5
]]></output>
            </test-case>
            <test-case id="1030" name="WebcamIsASmallOptionalEngagementModifier" fullname="GoLive.Tests.AudienceSimulationTests.WebcamIsASmallOptionalEngagementModifier" methodname="WebcamIsASmallOptionalEngagementModifier" classname="GoLive.Tests.AudienceSimulationTests" runstate="Runnable" seed="1620826547" result="Passed" start-time="2026-09-26 13:18:50Z" end-time="2026-09-26 13:18:50Z" duration="0.000257" asserts="0">
              <properties>
                <property name="retryIteration" value="0" />
                <property name="repeatIteration" value="0" />
              </properties>
            </test-case>
          </test-suite>
          <test-suite type="TestFixture" id="1037" name="ChatDirectorTests" fullname="GoLive.Tests.ChatDirectorTests" classname="GoLive.Tests.ChatDirectorTests" runstate="Runnable" testcasecount="39" result="Passed" start-time="2026-09-26 13:18:50Z" end-time="2026-09-26 13:18:51Z" duration="0.048622" total="39" passed="39" failed="0" inconclusive="0" skipped="0" asserts="0">
            <properties />
            <test-case id="1076" name="BroadcastEndCancelsGenerationAndIgnoresLateResults" fullname="GoLive.Tests.ChatDirectorTests.BroadcastEndCancelsGenerationAndIgnoresLateResults" methodname="BroadcastEndCancelsGenerationAndIgnoresLateResults" classname="GoLive.Tests.ChatDirectorTests" runstate="Runnable" seed="366958185" result="Passed" start-time="2026-09-26 13:18:50Z" end-time="2026-09-26 13:18:51Z" duration="0.014559" asserts="0">
              <properties>
                <property name="retryIteration" value="0" />
                <property name="repeatIteration" value="0" />
              </properties>
            </test-case>
            <test-case id="1077" name="ConcurrencyAndQueueAreBounded" fullname="GoLive.Tests.ChatDirectorTests.ConcurrencyAndQueueAreBounded" methodname="ConcurrencyAndQueueAreBounded" classname="GoLive.Tests.ChatDirectorTests" runstate="Runnable" seed="1662688024" result="Passed" start-time="2026-09-26 13:18:51Z" end-time="2026-09-26 13:18:51Z" duration="0.001901" asserts="0">
              <properties>
                <property name="retryIteration" value="0" />
                <property name="repeatIteration" value="0" />
              </properties>
            </test-case>
            <test-case id="1074" name="ContextStaysBounded" fullname="GoLive.Tests.ChatDirectorTests.ContextStaysBounded" methodname="ContextStaysBounded" classname="GoLive.Tests.ChatDirectorTests" runstate="Runnable" seed="102207698" result="Passed" start-time="2026-09-26 13:18:51Z" end-time="2026-09-26 13:18:51Z" duration="0.000877" asserts="0">
              <properties>
                <property name="retryIteration" value="0" />
                <property name="repeatIteration" value="0" />
              </properties>
            </test-case>
            <test-suite type="ParameterizedMethod" id="1069" name="EnglishViewerLinesPass" fullname="GoLive.Tests.ChatDirectorTests.EnglishViewerLinesPass" classname="GoLive.Tests.ChatDirectorTests" runstate="Runnable" testcasecount="3" result="Passed" start-time="2026-09-26 13:18:51Z" end-time="2026-09-26 13:18:51Z" duration="0.004651" total="3" passed="3" failed="0" inconclusive="0" skipped="0" asserts="0">
              <properties />
              <test-case id="1066" name="EnglishViewerLinesPass(&quot;bro????&quot;)" fullname="GoLive.Tests.ChatDirectorTests.EnglishViewerLinesPass(&quot;bro????&quot;)" methodname="EnglishViewerLinesPass" classname="GoLive.Tests.ChatDirectorTests" runstate="Runnable" seed="1183512920" result="Passed" start-time="2026-09-26 13:18:51Z" end-time="2026-09-26 13:18:51Z" duration="0.004084" asserts="0">
                <properties>
                  <property name="retryIteration" value="0" />
                  <property name="repeatIteration" value="0" />
                </properties>
              </test-case>
              <test-case id="1067" name="EnglishViewerLinesPass(&quot;nah no way&quot;)" fullname="GoLive.Tests.ChatDirectorTests.EnglishViewerLinesPass(&quot;nah no way&quot;)" methodname="EnglishViewerLinesPass" classname="GoLive.Tests.ChatDirectorTests" runstate="Runnable" seed="252376672" result="Passed" start-time="2026-09-26 13:18:51Z" end-time="2026-09-26 13:18:51Z" duration="0.000171" asserts="0">
                <properties>
                  <property name="retryIteration" value="0" />
                  <property name="repeatIteration" value="0" />
                </properties>
              </test-case>
              <test-case id="1068" name="EnglishViewerLinesPass(&quot;chat clip that&quot;)" fullname="GoLive.Tests.ChatDirectorTests.EnglishViewerLinesPass(&quot;chat clip that&quot;)" methodname="EnglishViewerLinesPass" classname="GoLive.Tests.ChatDirectorTests" runstate="Runnable" seed="884686093" result="Passed" start-time="2026-09-26 13:18:51Z" end-time="2026-09-26 13:18:51Z" duration="0.000099" asserts="0">
                <properties>
                  <property name="retryIteration" value="0" />
                  <property name="repeatIteration" value="0" />
                </properties>
              </test-case>
            </test-suite>
            <test-case id="1070" name="InvalidOutputIsNeverRegeneratedInALoop" fullname="GoLive.Tests.ChatDirectorTests.InvalidOutputIsNeverRegeneratedInALoop" methodname="InvalidOutputIsNeverRegeneratedInALoop" classname="GoLive.Tests.ChatDirectorTests" runstate="Runnable" seed="1865000137" result="Passed" start-time="2026-09-26 13:18:51Z" end-time="2026-09-26 13:18:51Z" duration="0.003197" asserts="0">
              <properties>
                <property name="retryIteration" value="0" />
                <property name="repeatIteration" value="0" />
              </properties>
            </test-case>
            <test-case id="1079" name="LiveSpeechReachesTheChatThroughTheModelEndToEnd" fullname="GoLive.Tests.ChatDirectorTests.LiveSpeechReachesTheChatThroughTheModelEndToEnd" methodname="LiveSpeechReachesTheChatThroughTheModelEndToEnd" classname="GoLive.Tests.ChatDirectorTests" runstate="Runnable" seed="257969339" result="Passed" start-time="2026-09-26 13:18:51Z" end-time="2026-09-26 13:18:51Z" duration="0.011372" asserts="0">
              <properties>
                <property name="retryIteration" value="0" />
                <property name="repeatIteration" value="0" />
              </properties>
              <output><![CDATA[speech outcome Scheduled (chat), chat: rogue: ну ты опять
]]></output>
            </test-case>
            <test-case id="1041" name="MalformedServerResponsesAreResultsNotExceptions" fullname="GoLive.Tests.ChatDirectorTests.MalformedServerResponsesAreResultsNotExceptions" methodname="MalformedServerResponsesAreResultsNotExceptions" classname="GoLive.Tests.ChatDirectorTests" runstate="Runnable" seed="157365181" result="Passed" start-time="2026-09-26 13:18:51Z" end-time="2026-09-26 13:18:51Z" duration="0.000874" asserts="0">
              <properties>
                <property name="retryIteration" value="0" />
                <property name="repeatIteration" value="0" />
              </properties>
            </test-case>
            <test-case id="1078" name="ModelTextCanNeverCreateMoneyAndDonationLinesCarryTheRealAmount" fullname="GoLive.Tests.ChatDirectorTests.ModelTextCanNeverCreateMoneyAndDonationLinesCarryTheRealAmount" methodname="ModelTextCanNeverCreateMoneyAndDonationLinesCarryTheRealAmount" classname="GoLive.Tests.ChatDirectorTests" runstate="Runnable" seed="1986500489" result="Passed" start-time="2026-09-26 13:18:51Z" end-time="2026-09-26 13:18:51Z" duration="0.000747" asserts="0">
              <properties>
                <property name="retryIteration" value="0" />
                <property name="repeatIteration" value="0" />
              </properties>
            </test-case>
            <test-case id="1072" name="NonSpeechMomentsCannotInventSupportTransactions" fullname="GoLive.Tests.ChatDirectorTests.NonSpeechMomentsCannotInventSupportTransactions" methodname="NonSpeechMomentsCannotInventSupportTransactions" classname="GoLive.Tests.ChatDirectorTests" runstate="Runnable" seed="1661997015" result="Passed" start-time="2026-09-26 13:18:51Z" end-time="2026-09-26 13:18:51Z" duration="0.000780" asserts="0">
              <properties>
                <property name="retryIteration" value="0" />
                <property name="repeatIteration" value="0" />
              </properties>
            </test-case>
            <test-case id="1073" name="ResolvedMessagesAreCheckedAgainstChatAtPublicationTime" fullname="GoLive.Tests.ChatDirectorTests.ResolvedMessagesAreCheckedAgainstChatAtPublicationTime" methodname="ResolvedMessagesAreCheckedAgainstChatAtPublicationTime" classname="GoLive.Tests.ChatDirectorTests" runstate="Runnable" seed="481458008" result="Passed" start-time="2026-09-26 13:18:51Z" end-time="2026-09-26 13:18:51Z" duration="0.000595" asserts="0">
              <properties>
                <property name="retryIteration" value="0" />
                <property name="repeatIteration" value="0" />
              </properties>
            </test-case>
            <test-case id="1075" name="StaleResponseIsDroppedNotShownLate" fullname="GoLive.Tests.ChatDirectorTests.StaleResponseIsDroppedNotShownLate" methodname="StaleResponseIsDroppedNotShownLate" classname="GoLive.Tests.ChatDirectorTests" runstate="Runnable" seed="1464548387" result="Passed" start-time="2026-09-26 13:18:51Z" end-time="2026-09-26 13:18:51Z" duration="0.000346" asserts="0">
              <properties>
                <property name="retryIteration" value="0" />
                <property name="repeatIteration" value="0" />
              </properties>
            </test-case>
            <test-case id="1071" name="StreamerSpeechIsQuotedDataNotInstructions" fullname="GoLive.Tests.ChatDirectorTests.StreamerSpeechIsQuotedDataNotInstructions" methodname="StreamerSpeechIsQuotedDataNotInstructions" classname="GoLive.Tests.ChatDirectorTests" runstate="Runnable" seed="1530352289" result="Passed" start-time="2026-09-26 13:18:51Z" end-time="2026-09-26 13:18:51Z" duration="0.000543" asserts="0">
              <properties>
                <property name="retryIteration" value="0" />
                <property name="repeatIteration" value="0" />
              </properties>
            </test-case>
            <test-case id="1040" name="TimeoutFallsBackForAnAddressedViewer" fullname="GoLive.Tests.ChatDirectorTests.TimeoutFallsBackForAnAddressedViewer" methodname="TimeoutFallsBackForAnAddressedViewer" classname="GoLive.Tests.ChatDirectorTests" runstate="Runnable" seed="1713141859" result="Passed" start-time="2026-09-26 13:18:51Z" end-time="2026-09-26 13:18:51Z" duration="0.000297" asserts="0">
              <properties>
                <property name="retryIteration" value="0" />
                <property name="repeatIteration" value="0" />
              </properties>
            </test-case>
            <test-case id="1039" name="UnavailableBackendFallsBackAndBacksOff" fullname="GoLive.Tests.ChatDirectorTests.UnavailableBackendFallsBackAndBacksOff" methodname="UnavailableBackendFallsBackAndBacksOff" classname="GoLive.Tests.ChatDirectorTests" runstate="Runnable" seed="1396237212" result="Passed" start-time="2026-09-26 13:18:51Z" end-time="2026-09-26 13:18:51Z" duration="0.001012" asserts="0">
              <properties>
                <property name="retryIteration" value="0" />
                <property name="repeatIteration" value="0" />
              </properties>
            </test-case>
            <test-suite type="ParameterizedMethod" id="1065" name="ValidatorAcceptsOrdinaryChat" fullname="GoLive.Tests.ChatDirectorTests.ValidatorAcceptsOrdinaryChat" classname="GoLive.Tests.ChatDirectorTests" runstate="Runnable" testcasecount="7" result="Passed" start-time="2026-09-26 13:18:51Z" end-time="2026-09-26 13:18:51Z" duration="0.001827" total="7" passed="7" failed="0" inconclusive="0" skipped="0" asserts="0">
              <properties />
              <test-case id="1058" name="ValidatorAcceptsOrdinaryChat(&quot;че ты делаешь ахах&quot;)" fullname="GoLive.Tests.ChatDirectorTests.ValidatorAcceptsOrdinaryChat(&quot;че ты делаешь ахах&quot;)" methodname="ValidatorAcceptsOrdinaryChat" classname="GoLive.Tests.ChatDirectorTests" runstate="Runnable" seed="1246736592" result="Passed" start-time="2026-09-26 13:18:51Z" end-time="2026-09-26 13:18:51Z" duration="0.000736" asserts="0">
                <properties>
                  <property name="retryIteration" value="0" />
                  <property name="repeatIteration" value="0" />
                </properties>
              </test-case>
              <test-case id="1059" name="ValidatorAcceptsOrdinaryChat(&quot;НАХУЯ ТЫ ТУДА ПОШЕЛ&quot;)" fullname="GoLive.Tests.ChatDirectorTests.ValidatorAcceptsOrdinaryChat(&quot;НАХУЯ ТЫ ТУДА ПОШЕЛ&quot;)" methodname="ValidatorAcceptsOrdinaryChat" classname="GoLive.Tests.ChatDirectorTests" runstate="Runnable" seed="881462331" result="Passed" start-time="2026-09-26 13:18:51Z" end-time="2026-09-26 13:18:51Z" duration="0.000136" asserts="0">
                <properties>
                  <property name="retryIteration" value="0" />
                  <property name="repeatIteration" value="0" />
                </properties>
              </test-case>
              <test-case id="1060" name="ValidatorAcceptsOrdinaryChat(&quot;норм&quot;)" fullname="GoLive.Tests.ChatDirectorTests.ValidatorAcceptsOrdinaryChat(&quot;норм&quot;)" methodname="ValidatorAcceptsOrdinaryChat" classname="GoLive.Tests.ChatDirectorTests" runstate="Runnable" seed="1857540550" result="Passed" start-time="2026-09-26 13:18:51Z" end-time="2026-09-26 13:18:51Z" duration="0.000085" asserts="0">
                <properties>
                  <property name="retryIteration" value="0" />
                  <property name="repeatIteration" value="0" />
                </properties>
              </test-case>
              <test-case id="1061" name="ValidatorAcceptsOrdinaryChat(&quot;?&quot;)" fullname="GoLive.Tests.ChatDirectorTests.ValidatorAcceptsOrdinaryChat(&quot;?&quot;)" methodname="ValidatorAcceptsOrdinaryChat" classname="GoLive.Tests.ChatDirectorTests" runstate="Runnable" seed="691670237" result="Passed" start-time="2026-09-26 13:18:51Z" end-time="2026-09-26 13:18:51Z" duration="0.000070" asserts="0">
                <properties>
                  <property name="retryIteration" value="0" />
                  <property name="repeatIteration" value="0" />
                </properties>
              </test-case>
              <test-case id="1062" name="ValidatorAcceptsOrdinaryChat(&quot;ХАХАХА&quot;)" fullname="GoLive.Tests.ChatDirectorTests.ValidatorAcceptsOrdinaryChat(&quot;ХАХАХА&quot;)" methodname="ValidatorAcceptsOrdinaryChat" classname="GoLive.Tests.ChatDirectorTests" runstate="Runnable" seed="1563452390" result="Passed" start-time="2026-09-26 13:18:51Z" end-time="2026-09-26 13:18:51Z" duration="0.000112" asserts="0">
                <properties>
                  <property name="retryIteration" value="0" />
                  <property name="repeatIteration" value="0" />
                </properties>
              </test-case>
              <test-case id="1063" name="ValidatorAcceptsOrdinaryChat(&quot;\&quot;ахах опять\&quot;&quot;)" fullname="GoLive.Tests.ChatDirectorTests.ValidatorAcceptsOrdinaryChat(&quot;\&quot;ахах опять\&quot;&quot;)" methodname="ValidatorAcceptsOrdinaryChat" classname="GoLive.Tests.ChatDirectorTests" runstate="Runnable" seed="1070469521" result="Passed" start-time="2026-09-26 13:18:51Z" end-time="2026-09-26 13:18:51Z" duration="0.000108" asserts="0">
                <properties>
                  <property name="retryIteration" value="0" />
                  <property name="repeatIteration" value="0" />
                </properties>
              </test-case>
              <test-case id="1064" name="ValidatorAcceptsOrdinaryChat(&quot;NightOwl: опять двадцать пять&quot;)" fullname="GoLive.Tests.ChatDirectorTests.ValidatorAcceptsOrdinaryChat(&quot;NightOwl: опять двадцать пять&quot;)" methodname="ValidatorAcceptsOrdinaryChat" classname="GoLive.Tests.ChatDirectorTests" runstate="Runnable" seed="184230457" result="Passed" start-time="2026-09-26 13:18:51Z" end-time="2026-09-26 13:18:51Z" duration="0.000123" asserts="0">
                <properties>
                  <property name="retryIteration" value="0" />
                  <property name="repeatIteration" value="0" />
                </properties>
              </test-case>
            </test-suite>
            <test-suite type="ParameterizedMethod" id="1056" name="ValidatorRejectsAssistantVoiceLeaksClaimsAndWrongLanguage" fullname="GoLive.Tests.ChatDirectorTests.ValidatorRejectsAssistantVoiceLeaksClaimsAndWrongLanguage" classname="GoLive.Tests.ChatDirectorTests" runstate="Runnable" testcasecount="14" result="Passed" start-time="2026-09-26 13:18:51Z" end-time="2026-09-26 13:18:51Z" duration="0.002180" total="14" passed="14" failed="0" inconclusive="0" skipped="0" asserts="0">
              <properties />
              <test-case id="1042" name="ValidatorRejectsAssistantVoiceLeaksClaimsAndWrongLanguage(&quot;As an AI language model, I think this was great&quot;)" fullname="GoLive.Tests.ChatDirectorTests.ValidatorRejectsAssistantVoiceLeaksClaimsAndWrongLanguage(&quot;As an AI language model, I think this was great&quot;)" methodname="ValidatorRejectsAssistantVoiceLeaksClaimsAndWrongLanguage" classname="GoLive.Tests.ChatDirectorTests" runstate="Runnable" seed="664903189" result="Passed" start-time="2026-09-26 13:18:51Z" end-time="2026-09-26 13:18:51Z" duration="0.000188" asserts="0">
                <properties>
                  <property name="retryIteration" value="0" />
                  <property name="repeatIteration" value="0" />
                </properties>
              </test-case>
              <test-case id="1043" name="ValidatorRejectsAssistantVoiceLeaksClaimsAndWrongLanguage(&quot;Sure! Here's a fun reaction: lol&quot;)" fullname="GoLive.Tests.ChatDirectorTests.ValidatorRejectsAssistantVoiceLeaksClaimsAndWrongLanguage(&quot;Sure! Here's a fun reaction: lol&quot;)" methodname="ValidatorRejectsAssistantVoiceLeaksClaimsAndWrongLanguage" classname="GoLive.Tests.ChatDirectorTests" runstate="Runnable" seed="1462063829" result="Passed" start-time="2026-09-26 13:18:51Z" end-time="2026-09-26 13:18:51Z" duration="0.000083" asserts="0">
                <properties>
                  <property name="retryIteration" value="0" />
                  <property name="repeatIteration" value="0" />
                </properties>
              </test-case>
              <test-case id="1044" name="ValidatorRejectsAssistantVoiceLeaksClaimsAndWrongLanguage(&quot;Viewer response: Wow, that was amazing!&quot;)" fullname="GoLive.Tests.ChatDirectorTests.ValidatorRejectsAssistantVoiceLeaksClaimsAndWrongLanguage(&quot;Viewer response: Wow, that was amazing!&quot;)" methodname="ValidatorRejectsAssistantVoiceLeaksClaimsAndWrongLanguage" classname="GoLive.Tests.ChatDirectorTests" runstate="Runnable" seed="455067258" result="Passed" start-time="2026-09-26 13:18:51Z" end-time="2026-09-26 13:18:51Z" duration="0.000078" asserts="0">
                <properties>
                  <property name="retryIteration" value="0" />
                  <property name="repeatIteration" value="0" />
                </properties>
              </test-case>
              <test-case id="1045" name="ValidatorRejectsAssistantVoiceLeaksClaimsAndWrongLanguage(&quot;According to the system prompt I should react&quot;)" fullname="GoLive.Tests.ChatDirectorTests.ValidatorRejectsAssistantVoiceLeaksClaimsAndWrongLanguage(&quot;According to the system prompt I should react&quot;)" methodname="ValidatorRejectsAssistantVoiceLeaksClaimsAndWrongLanguage" classname="GoLive.Tests.ChatDirectorTests" runstate="Runnable" seed="484692850" result="Passed" start-time="2026-09-26 13:18:51Z" end-time="2026-09-26 13:18:51Z" duration="0.000080" asserts="0">
                <properties>
                  <property name="retryIteration" value="0" />
                  <property name="repeatIteration" value="0" />
                </properties>
              </test-case>
              <test-case id="1046" name="ValidatorRejectsAssistantVoiceLeaksClaimsAndWrongLanguage(&quot;Great job! Keep it up, you've got this!&quot;)" fullname="GoLive.Tests.ChatDirectorTests.ValidatorRejectsAssistantVoiceLeaksClaimsAndWrongLanguage(&quot;Great job! Keep it up, you've got this!&quot;)" methodname="ValidatorRejectsAssistantVoiceLeaksClaimsAndWrongLanguage" classname="GoLive.Tests.ChatDirectorTests" runstate="Runnable" seed="287322935" result="Passed" start-time="2026-09-26 13:18:51Z" end-time="2026-09-26 13:18:51Z" duration="0.000075" asserts="0">
                <properties>
                  <property name="retryIteration" value="0" />
                  <property name="repeatIteration" value="0" />
                </properties>
              </test-case>
              <test-case id="1047" name="ValidatorRejectsAssistantVoiceLeaksClaimsAndWrongLanguage(&quot;Это было потрясающе. Ты молодец. Продолжай в том же духе. Мы все тебя поддерживаем. Так держать!&quot;)" fullname="GoLive.Tests.ChatDirectorTests.ValidatorRejectsAssistantVoiceLeaksClaimsAndWrongLanguage(&quot;Это было потрясающе. Ты молодец. Продолжай в том же духе. Мы все тебя поддерживаем. Так держать!&quot;)" methodname="ValidatorRejectsAssistantVoiceLeaksClaimsAndWrongLanguage" classname="GoLive.Tests.ChatDirectorTests" runstate="Runnable" seed="919722913" result="Passed" start-time="2026-09-26 13:18:51Z" end-time="2026-09-26 13:18:51Z" duration="0.000092" asserts="0">
                <properties>
                  <property name="retryIteration" value="0" />
                  <property name="repeatIteration" value="0" />
                </properties>
              </test-case>
              <test-case id="1048" name="ValidatorRejectsAssistantVoiceLeaksClaimsAndWrongLanguage(&quot;ну как так\nвторая строка&quot;)" fullname="GoLive.Tests.ChatDirectorTests.ValidatorRejectsAssistantVoiceLeaksClaimsAndWrongLanguage(&quot;ну как так\nвторая строка&quot;)" methodname="ValidatorRejectsAssistantVoiceLeaksClaimsAndWrongLanguage" classname="GoLive.Tests.ChatDirectorTests" runstate="Runnable" seed="1255486014" result="Passed" start-time="2026-09-26 13:18:51Z" end-time="2026-09-26 13:18:51Z" duration="0.000080" asserts="0">
                <properties>
                  <property name="retryIteration" value="0" />
                  <property name="repeatIteration" value="0" />
                </properties>
              </test-case>
              <test-case id="1049" name="ValidatorRejectsAssistantVoiceLeaksClaimsAndWrongLanguage(&quot;**жирный** текст&quot;)" fullname="GoLive.Tests.ChatDirectorTests.ValidatorRejectsAssistantVoiceLeaksClaimsAndWrongLanguage(&quot;**жирный** текст&quot;)" methodname="ValidatorRejectsAssistantVoiceLeaksClaimsAndWrongLanguage" classname="GoLive.Tests.ChatDirectorTests" runstate="Runnable" seed="940853003" result="Passed" start-time="2026-09-26 13:18:51Z" end-time="2026-09-26 13:18:51Z" duration="0.000071" asserts="0">
                <properties>
                  <property name="retryIteration" value="0" />
                  <property name="repeatIteration" value="0" />
                </properties>
              </test-case>
              <test-case id="1050" name="ValidatorRejectsAssistantVoiceLeaksClaimsAndWrongLanguage(&quot;держи 500 рублей&quot;)" fullname="GoLive.Tests.ChatDirectorTests.ValidatorRejectsAssistantVoiceLeaksClaimsAndWrongLanguage(&quot;держи 500 рублей&quot;)" methodname="ValidatorRejectsAssistantVoiceLeaksClaimsAndWrongLanguage" classname="GoLive.Tests.ChatDirectorTests" runstate="Runnable" seed="1311591036" result="Passed" start-time="2026-09-26 13:18:51Z" end-time="2026-09-26 13:18:51Z" duration="0.000078" asserts="0">
                <properties>
                  <property name="retryIteration" value="0" />
                  <property name="repeatIteration" value="0" />
                </properties>
              </test-case>
              <test-case id="1051" name="ValidatorRejectsAssistantVoiceLeaksClaimsAndWrongLanguage(&quot;задонатил тебе на новую видюху&quot;)" fullname="GoLive.Tests.ChatDirectorTests.ValidatorRejectsAssistantVoiceLeaksClaimsAndWrongLanguage(&quot;задонатил тебе на новую видюху&quot;)" methodname="ValidatorRejectsAssistantVoiceLeaksClaimsAndWrongLanguage" classname="GoLive.Tests.ChatDirectorTests" runstate="Runnable" seed="326891103" result="Passed" start-time="2026-09-26 13:18:51Z" end-time="2026-09-26 13:18:51Z" duration="0.000101" asserts="0">
                <properties>
                  <property name="retryIteration" value="0" />
                  <property name="repeatIteration" value="0" />
                </properties>
              </test-case>
              <test-case id="1052" name="ValidatorRejectsAssistantVoiceLeaksClaimsAndWrongLanguage(&quot;/give 500&quot;)" fullname="GoLive.Tests.ChatDirectorTests.ValidatorRejectsAssistantVoiceLeaksClaimsAndWrongLanguage(&quot;/give 500&quot;)" methodname="ValidatorRejectsAssistantVoiceLeaksClaimsAndWrongLanguage" classname="GoLive.Tests.ChatDirectorTests" runstate="Runnable" seed="901748362" result="Passed" start-time="2026-09-26 13:18:51Z" end-time="2026-09-26 13:18:51Z" duration="0.000071" asserts="0">
                <properties>
                  <property name="retryIteration" value="0" />
                  <property name="repeatIteration" value="0" />
                </properties>
              </test-case>
              <test-case id="1053" name="ValidatorRejectsAssistantVoiceLeaksClaimsAndWrongLanguage(&quot;ахах 😂😂😂😂&quot;)" fullname="GoLive.Tests.ChatDirectorTests.ValidatorRejectsAssistantVoiceLeaksClaimsAndWrongLanguage(&quot;ахах 😂😂😂😂&quot;)" methodname="ValidatorRejectsAssistantVoiceLeaksClaimsAndWrongLanguage" classname="GoLive.Tests.ChatDirectorTests" runstate="Runnable" seed="19026114" result="Passed" start-time="2026-09-26 13:18:51Z" end-time="2026-09-26 13:18:51Z" duration="0.000161" asserts="0">
                <properties>
                  <property name="retryIteration" value="0" />
                  <property name="repeatIteration" value="0" />
                </properties>
              </test-case>
              <test-case id="1054" name="ValidatorRejectsAssistantVoiceLeaksClaimsAndWrongLanguage(&quot;NightOwl: As NightOwl I say hi&quot;)" fullname="GoLive.Tests.ChatDirectorTests.ValidatorRejectsAssistantVoiceLeaksClaimsAndWrongLanguage(&quot;NightOwl: As NightOwl I say hi&quot;)" methodname="ValidatorRejectsAssistantVoiceLeaksClaimsAndWrongLanguage" classname="GoLive.Tests.ChatDirectorTests" runstate="Runnable" seed="577941649" result="Passed" start-time="2026-09-26 13:18:51Z" end-time="2026-09-26 13:18:51Z" duration="0.000088" asserts="0">
                <properties>
                  <property name="retryIteration" value="0" />
                  <property name="repeatIteration" value="0" />
                </properties>
              </test-case>
              <test-case id="1055" name="ValidatorRejectsAssistantVoiceLeaksClaimsAndWrongLanguage(&quot;this is english from a russian viewer&quot;)" fullname="GoLive.Tests.ChatDirectorTests.ValidatorRejectsAssistantVoiceLeaksClaimsAndWrongLanguage(&quot;this is english from a russian viewer&quot;)" methodname="ValidatorRejectsAssistantVoiceLeaksClaimsAndWrongLanguage" classname="GoLive.Tests.ChatDirectorTests" runstate="Runnable" seed="1023046060" result="Passed" start-time="2026-09-26 13:18:51Z" end-time="2026-09-26 13:18:51Z" duration="0.000125" asserts="0">
                <properties>
                  <property name="retryIteration" value="0" />
                  <property name="repeatIteration" value="0" />
                </properties>
              </test-case>
            </test-suite>
            <test-case id="1057" name="ValidatorRejectsOversizedEchoAndDuplicateLines" fullname="GoLive.Tests.ChatDirectorTests.ValidatorRejectsOversizedEchoAndDuplicateLines" methodname="ValidatorRejectsOversizedEchoAndDuplicateLines" classname="GoLive.Tests.ChatDirectorTests" runstate="Runnable" seed="705321318" result="Passed" start-time="2026-09-26 13:18:51Z" end-time="2026-09-26 13:18:51Z" duration="0.000433" asserts="0">
              <properties>
                <property name="retryIteration" value="0" />
                <property name="repeatIteration" value="0" />
              </properties>
            </test-case>
            <test-case id="1038" name="ValidModelOutputBecomesTheViewersChatLine" fullname="GoLive.Tests.ChatDirectorTests.ValidModelOutputBecomesTheViewersChatLine" methodname="ValidModelOutputBecomesTheViewersChatLine" classname="GoLive.Tests.ChatDirectorTests" runstate="Runnable" seed="1022124382" result="Passed" start-time="2026-09-26 13:18:51Z" end-time="2026-09-26 13:18:51Z" duration="0.000946" asserts="0">
              <properties>
                <property name="retryIteration" value="0" />
                <property name="repeatIteration" value="0" />
              </properties>
            </test-case>
          </test-suite>
          <test-suite type="TestFixture" id="1080" name="DeliveryPlayModeTests" fullname="GoLive.Tests.DeliveryPlayModeTests" classname="GoLive.Tests.DeliveryPlayModeTests" runstate="Runnable" testcasecount="34" result="Passed" start-time="2026-09-26 13:18:51Z" end-time="2026-09-26 13:18:54Z" duration="3.264658" total="34" passed="34" failed="0" inconclusive="0" skipped="0" asserts="0">
            <properties />
            <test-case id="1095" name="CarriedPackageSurvivesSaveAndLoadAndOpensOnce" fullname="GoLive.Tests.DeliveryPlayModeTests.CarriedPackageSurvivesSaveAndLoadAndOpensOnce" methodname="CarriedPackageSurvivesSaveAndLoadAndOpensOnce" classname="GoLive.Tests.DeliveryPlayModeTests" runstate="Runnable" seed="475570721" result="Passed" start-time="2026-09-26 13:18:51Z" end-time="2026-09-26 13:18:51Z" duration="0.146995" asserts="0">
              <properties>
                <property name="_JOINTYPE" value="UnityCombinatorial" />
                <property name="retryIteration" value="0" />
                <property name="repeatIteration" value="0" />
              </properties>
              <output><![CDATA[GO! LIVE save created: C:\Users\delus\AppData\Local\Temp\GoLiveSaveTests\d7b1324d65d041528ab8372b7ae12e4a\save.json
GO! LIVE save loaded: C:\Users\delus\AppData\Local\Temp\GoLiveSaveTests\d7b1324d65d041528ab8372b7ae12e4a\save.json
]]></output>
            </test-case>
            <test-case id="1097" name="CollectedItemKeepsItsSavedInventoryLocation" fullname="GoLive.Tests.DeliveryPlayModeTests.CollectedItemKeepsItsSavedInventoryLocation" methodname="CollectedItemKeepsItsSavedInventoryLocation" classname="GoLive.Tests.DeliveryPlayModeTests" runstate="Runnable" seed="1513669493" result="Passed" start-time="2026-09-26 13:18:51Z" end-time="2026-09-26 13:18:51Z" duration="0.094416" asserts="0">
              <properties>
                <property name="_JOINTYPE" value="UnityCombinatorial" />
                <property name="retryIteration" value="0" />
                <property name="repeatIteration" value="0" />
              </properties>
              <output><![CDATA[GO! LIVE save created: C:\Users\delus\AppData\Local\Temp\GoLiveSaveTests\3228aac8fde0434e9fceab5773b8b1ba\save.json
GO! LIVE save loaded: C:\Users\delus\AppData\Local\Temp\GoLiveSaveTests\3228aac8fde0434e9fceab5773b8b1ba\save.json
]]></output>
            </test-case>
            <test-case id="1099" name="ConsumedFulfillmentItemNeverRespawns" fullname="GoLive.Tests.DeliveryPlayModeTests.ConsumedFulfillmentItemNeverRespawns" methodname="ConsumedFulfillmentItemNeverRespawns" classname="GoLive.Tests.DeliveryPlayModeTests" runstate="Runnable" seed="176419615" result="Passed" start-time="2026-09-26 13:18:51Z" end-time="2026-09-26 13:18:51Z" duration="0.090798" asserts="0">
              <properties>
                <property name="_JOINTYPE" value="UnityCombinatorial" />
                <property name="retryIteration" value="0" />
                <property name="repeatIteration" value="0" />
              </properties>
              <output><![CDATA[GO! LIVE save created: C:\Users\delus\AppData\Local\Temp\GoLiveSaveTests\6dc2d66c4da541d89cef0c9faefb273f\save.json
GO! LIVE save loaded: C:\Users\delus\AppData\Local\Temp\GoLiveSaveTests\6dc2d66c4da541d89cef0c9faefb273f\save.json
GO! LIVE save loaded: C:\Users\delus\AppData\Local\Temp\GoLiveSaveTests\6dc2d66c4da541d89cef0c9faefb273f\save.json
]]></output>
            </test-case>
            <test-suite type="ParameterizedMethod" id="1115" name="CorruptDeliveryDataRejectsTheWholeSaveBeforeAnyStateChanges" fullname="GoLive.Tests.DeliveryPlayModeTests.CorruptDeliveryDataRejectsTheWholeSaveBeforeAnyStateChanges" classname="GoLive.Tests.DeliveryPlayModeTests" runstate="Runnable" testcasecount="15" result="Passed" start-time="2026-09-26 13:18:51Z" end-time="2026-09-26 13:18:52Z" duration="1.361402" total="15" passed="15" failed="0" inconclusive="0" skipped="0" asserts="0">
              <properties>
                <property name="_JOINTYPE" value="UnityCombinatorial" />
              </properties>
              <test-case id="1100" name="CorruptDeliveryDataRejectsTheWholeSaveBeforeAnyStateChanges(&quot;unsupported delivery version&quot;)" fullname="GoLive.Tests.DeliveryPlayModeTests.CorruptDeliveryDataRejectsTheWholeSaveBeforeAnyStateChanges(&quot;unsupported delivery version&quot;)" methodname="CorruptDeliveryDataRejectsTheWholeSaveBeforeAnyStateChanges" classname="GoLive.Tests.DeliveryPlayModeTests" runstate="Runnable" seed="1107025631" result="Passed" start-time="2026-09-26 13:18:51Z" end-time="2026-09-26 13:18:51Z" duration="0.095859" asserts="0">
                <properties>
                  <property name="retryIteration" value="0" />
                  <property name="repeatIteration" value="0" />
                </properties>
                <output><![CDATA[GO! LIVE save created: C:\Users\delus\AppData\Local\Temp\GoLiveSaveTests\b4f0b8e14b144d88a7a6de4ec04feb11\save.json
Save validation failed: C:\Users\delus\AppData\Local\Temp\GoLiveSaveTests\b4f0b8e14b144d88a7a6de4ec04feb11\save.json
]]></output>
              </test-case>
              <test-case id="1101" name="CorruptDeliveryDataRejectsTheWholeSaveBeforeAnyStateChanges(&quot;duplicate order&quot;)" fullname="GoLive.Tests.DeliveryPlayModeTests.CorruptDeliveryDataRejectsTheWholeSaveBeforeAnyStateChanges(&quot;duplicate order&quot;)" methodname="CorruptDeliveryDataRejectsTheWholeSaveBeforeAnyStateChanges" classname="GoLive.Tests.DeliveryPlayModeTests" runstate="Runnable" seed="67627711" result="Passed" start-time="2026-09-26 13:18:51Z" end-time="2026-09-26 13:18:51Z" duration="0.094079" asserts="0">
                <properties>
                  <property name="retryIteration" value="0" />
                  <property name="repeatIteration" value="0" />
                </properties>
                <output><![CDATA[GO! LIVE save created: C:\Users\delus\AppData\Local\Temp\GoLiveSaveTests\862cd14bec74490bace474c1ad9860ea\save.json
Save validation failed: C:\Users\delus\AppData\Local\Temp\GoLiveSaveTests\862cd14bec74490bace474c1ad9860ea\save.json
]]></output>
              </test-case>
              <test-case id="1102" name="CorruptDeliveryDataRejectsTheWholeSaveBeforeAnyStateChanges(&quot;unknown order&quot;)" fullname="GoLive.Tests.DeliveryPlayModeTests.CorruptDeliveryDataRejectsTheWholeSaveBeforeAnyStateChanges(&quot;unknown order&quot;)" methodname="CorruptDeliveryDataRejectsTheWholeSaveBeforeAnyStateChanges" classname="GoLive.Tests.DeliveryPlayModeTests" runstate="Runnable" seed="1381412453" result="Passed" start-time="2026-09-26 13:18:51Z" end-time="2026-09-26 13:18:51Z" duration="0.092100" asserts="0">
                <properties>
                  <property name="retryIteration" value="0" />
                  <property name="repeatIteration" value="0" />
                </properties>
                <output><![CDATA[GO! LIVE save created: C:\Users\delus\AppData\Local\Temp\GoLiveSaveTests\053349be4d714ca4a117f229e3ad0205\save.json
Save validation failed: C:\Users\delus\AppData\Local\Temp\GoLiveSaveTests\053349be4d714ca4a117f229e3ad0205\save.json
]]></output>
              </test-case>
              <test-case id="1103" name="CorruptDeliveryDataRejectsTheWholeSaveBeforeAnyStateChanges(&quot;package for a placed order&quot;)" fullname="GoLive.Tests.DeliveryPlayModeTests.CorruptDeliveryDataRejectsTheWholeSaveBeforeAnyStateChanges(&quot;package for a placed order&quot;)" methodname="CorruptDeliveryDataRejectsTheWholeSaveBeforeAnyStateChanges" classname="GoLive.Tests.DeliveryPlayModeTests" runstate="Runnable" seed="321451982" result="Passed" start-time="2026-09-26 13:18:51Z" end-time="2026-09-26 13:18:51Z" duration="0.087861" asserts="0">
                <properties>
                  <property name="retryIteration" value="0" />
                  <property name="repeatIteration" value="0" />
                </properties>
                <output><![CDATA[GO! LIVE save created: C:\Users\delus\AppData\Local\Temp\GoLiveSaveTests\4bb38f9234174141b98ba9b849310f33\save.json
Save validation failed: C:\Users\delus\AppData\Local\Temp\GoLiveSaveTests\4bb38f9234174141b98ba9b849310f33\save.json
]]></output>
              </test-case>
              <test-case id="1104" name="CorruptDeliveryDataRejectsTheWholeSaveBeforeAnyStateChanges(&quot;delivered order without package&quot;)" fullname="GoLive.Tests.DeliveryPlayModeTests.CorruptDeliveryDataRejectsTheWholeSaveBeforeAnyStateChanges(&quot;delivered order without package&quot;)" methodname="CorruptDeliveryDataRejectsTheWholeSaveBeforeAnyStateChanges" classname="GoLive.Tests.DeliveryPlayModeTests" runstate="Runnable" seed="1411023211" result="Passed" start-time="2026-09-26 13:18:51Z" end-time="2026-09-26 13:18:51Z" duration="0.088051" asserts="0">
                <properties>
                  <property name="retryIteration" value="0" />
                  <property name="repeatIteration" value="0" />
                </properties>
                <output><![CDATA[GO! LIVE save created: C:\Users\delus\AppData\Local\Temp\GoLiveSaveTests\ab87535c0aef4780a983c813e3215cbb\save.json
Save validation failed: C:\Users\delus\AppData\Local\Temp\GoLiveSaveTests\ab87535c0aef4780a983c813e3215cbb\save.json
]]></output>
              </test-case>
              <test-case id="1105" name="CorruptDeliveryDataRejectsTheWholeSaveBeforeAnyStateChanges(&quot;blank package id&quot;)" fullname="GoLive.Tests.DeliveryPlayModeTests.CorruptDeliveryDataRejectsTheWholeSaveBeforeAnyStateChanges(&quot;blank package id&quot;)" methodname="CorruptDeliveryDataRejectsTheWholeSaveBeforeAnyStateChanges" classname="GoLive.Tests.DeliveryPlayModeTests" runstate="Runnable" seed="406375947" result="Passed" start-time="2026-09-26 13:18:51Z" end-time="2026-09-26 13:18:51Z" duration="0.089852" asserts="0">
                <properties>
                  <property name="retryIteration" value="0" />
                  <property name="repeatIteration" value="0" />
                </properties>
                <output><![CDATA[GO! LIVE save created: C:\Users\delus\AppData\Local\Temp\GoLiveSaveTests\78859c8fad8b4019be82fbe43a5a221f\save.json
Save validation failed: C:\Users\delus\AppData\Local\Temp\GoLiveSaveTests\78859c8fad8b4019be82fbe43a5a221f\save.json
]]></output>
              </test-case>
              <test-case id="1106" name="CorruptDeliveryDataRejectsTheWholeSaveBeforeAnyStateChanges(&quot;opened without fulfillment item&quot;)" fullname="GoLive.Tests.DeliveryPlayModeTests.CorruptDeliveryDataRejectsTheWholeSaveBeforeAnyStateChanges(&quot;opened without fulfillment item&quot;)" methodname="CorruptDeliveryDataRejectsTheWholeSaveBeforeAnyStateChanges" classname="GoLive.Tests.DeliveryPlayModeTests" runstate="Runnable" seed="594151913" result="Passed" start-time="2026-09-26 13:18:51Z" end-time="2026-09-26 13:18:52Z" duration="0.090240" asserts="0">
                <properties>
                  <property name="retryIteration" value="0" />
                  <property name="repeatIteration" value="0" />
                </properties>
                <output><![CDATA[GO! LIVE save created: C:\Users\delus\AppData\Local\Temp\GoLiveSaveTests\dce285b9dae147838fe035efdb7f8a80\save.json
Save validation failed: C:\Users\delus\AppData\Local\Temp\GoLiveSaveTests\dce285b9dae147838fe035efdb7f8a80\save.json
]]></output>
              </test-case>
              <test-case id="1107" name="CorruptDeliveryDataRejectsTheWholeSaveBeforeAnyStateChanges(&quot;fulfillment item on unopened package&quot;)" fullname="GoLive.Tests.DeliveryPlayModeTests.CorruptDeliveryDataRejectsTheWholeSaveBeforeAnyStateChanges(&quot;fulfillment item on unopened package&quot;)" methodname="CorruptDeliveryDataRejectsTheWholeSaveBeforeAnyStateChanges" classname="GoLive.Tests.DeliveryPlayModeTests" runstate="Runnable" seed="198395860" result="Passed" start-time="2026-09-26 13:18:52Z" end-time="2026-09-26 13:18:52Z" duration="0.090454" asserts="0">
                <properties>
                  <property name="retryIteration" value="0" />
                  <property name="repeatIteration" value="0" />
                </properties>
                <output><![CDATA[GO! LIVE save created: C:\Users\delus\AppData\Local\Temp\GoLiveSaveTests\c555294d9745409aaf2d7a7f4c5790eb\save.json
Save validation failed: C:\Users\delus\AppData\Local\Temp\GoLiveSaveTests\c555294d9745409aaf2d7a7f4c5790eb\save.json
]]></output>
              </test-case>
              <test-case id="1108" name="CorruptDeliveryDataRejectsTheWholeSaveBeforeAnyStateChanges(&quot;item id shared by two deliveries&quot;)" fullname="GoLive.Tests.DeliveryPlayModeTests.CorruptDeliveryDataRejectsTheWholeSaveBeforeAnyStateChanges(&quot;item id shared by two deliveries&quot;)" methodname="CorruptDeliveryDataRejectsTheWholeSaveBeforeAnyStateChanges" classname="GoLive.Tests.DeliveryPlayModeTests" runstate="Runnable" seed="826466794" result="Passed" start-time="2026-09-26 13:18:52Z" end-time="2026-09-26 13:18:52Z" duration="0.089407" asserts="0">
                <properties>
                  <property name="retryIteration" value="0" />
                  <property name="repeatIteration" value="0" />
                </properties>
                <output><![CDATA[GO! LIVE save created: C:\Users\delus\AppData\Local\Temp\GoLiveSaveTests\a33ed44a52194399b0c216784d5b2cd8\save.json
Save validation failed: C:\Users\delus\AppData\Local\Temp\GoLiveSaveTests\a33ed44a52194399b0c216784d5b2cd8\save.json
]]></output>
              </test-case>
              <test-case id="1109" name="CorruptDeliveryDataRejectsTheWholeSaveBeforeAnyStateChanges(&quot;package missing from items&quot;)" fullname="GoLive.Tests.DeliveryPlayModeTests.CorruptDeliveryDataRejectsTheWholeSaveBeforeAnyStateChanges(&quot;package missing from items&quot;)" methodname="CorruptDeliveryDataRejectsTheWholeSaveBeforeAnyStateChanges" classname="GoLive.Tests.DeliveryPlayModeTests" runstate="Runnable" seed="1667694066" result="Passed" start-time="2026-09-26 13:18:52Z" end-time="2026-09-26 13:18:52Z" duration="0.093012" asserts="0">
                <properties>
                  <property name="retryIteration" value="0" />
                  <property name="repeatIteration" value="0" />
                </properties>
                <output><![CDATA[GO! LIVE save created: C:\Users\delus\AppData\Local\Temp\GoLiveSaveTests\fcb630fca3db4cacbeef585b481a3f1b\save.json
Save validation failed: C:\Users\delus\AppData\Local\Temp\GoLiveSaveTests\fcb630fca3db4cacbeef585b481a3f1b\save.json
]]></output>
              </test-case>
              <test-case id="1110" name="CorruptDeliveryDataRejectsTheWholeSaveBeforeAnyStateChanges(&quot;package item has another definition&quot;)" fullname="GoLive.Tests.DeliveryPlayModeTests.CorruptDeliveryDataRejectsTheWholeSaveBeforeAnyStateChanges(&quot;package item has another definition&quot;)" methodname="CorruptDeliveryDataRejectsTheWholeSaveBeforeAnyStateChanges" classname="GoLive.Tests.DeliveryPlayModeTests" runstate="Runnable" seed="1567280634" result="Passed" start-time="2026-09-26 13:18:52Z" end-time="2026-09-26 13:18:52Z" duration="0.088847" asserts="0">
                <properties>
                  <property name="retryIteration" value="0" />
                  <property name="repeatIteration" value="0" />
                </properties>
                <output><![CDATA[GO! LIVE save created: C:\Users\delus\AppData\Local\Temp\GoLiveSaveTests\f22fd09056774cbc9f65575d7633d9bd\save.json
Save validation failed: C:\Users\delus\AppData\Local\Temp\GoLiveSaveTests\f22fd09056774cbc9f65575d7633d9bd\save.json
]]></output>
              </test-case>
              <test-case id="1111" name="CorruptDeliveryDataRejectsTheWholeSaveBeforeAnyStateChanges(&quot;fulfillment item missing from items&quot;)" fullname="GoLive.Tests.DeliveryPlayModeTests.CorruptDeliveryDataRejectsTheWholeSaveBeforeAnyStateChanges(&quot;fulfillment item missing from items&quot;)" methodname="CorruptDeliveryDataRejectsTheWholeSaveBeforeAnyStateChanges" classname="GoLive.Tests.DeliveryPlayModeTests" runstate="Runnable" seed="752534814" result="Passed" start-time="2026-09-26 13:18:52Z" end-time="2026-09-26 13:18:52Z" duration="0.092289" asserts="0">
                <properties>
                  <property name="retryIteration" value="0" />
                  <property name="repeatIteration" value="0" />
                </properties>
                <output><![CDATA[GO! LIVE save created: C:\Users\delus\AppData\Local\Temp\GoLiveSaveTests\3edae0a91f9c4e588f9619594d77d55b\save.json
Save validation failed: C:\Users\delus\AppData\Local\Temp\GoLiveSaveTests\3edae0a91f9c4e588f9619594d77d55b\save.json
]]></output>
              </test-case>
              <test-case id="1112" name="CorruptDeliveryDataRejectsTheWholeSaveBeforeAnyStateChanges(&quot;orphan runtime item&quot;)" fullname="GoLive.Tests.DeliveryPlayModeTests.CorruptDeliveryDataRejectsTheWholeSaveBeforeAnyStateChanges(&quot;orphan runtime item&quot;)" methodname="CorruptDeliveryDataRejectsTheWholeSaveBeforeAnyStateChanges" classname="GoLive.Tests.DeliveryPlayModeTests" runstate="Runnable" seed="1468605856" result="Passed" start-time="2026-09-26 13:18:52Z" end-time="2026-09-26 13:18:52Z" duration="0.085336" asserts="0">
                <properties>
                  <property name="retryIteration" value="0" />
                  <property name="repeatIteration" value="0" />
                </properties>
                <output><![CDATA[GO! LIVE save created: C:\Users\delus\AppData\Local\Temp\GoLiveSaveTests\a959cfede8d9479f8405550f337464ff\save.json
Save validation failed: C:\Users\delus\AppData\Local\Temp\GoLiveSaveTests\a959cfede8d9479f8405550f337464ff\save.json
]]></output>
              </test-case>
              <test-case id="1113" name="CorruptDeliveryDataRejectsTheWholeSaveBeforeAnyStateChanges(&quot;live item ids swapped between package and item&quot;)" fullname="GoLive.Tests.DeliveryPlayModeTests.CorruptDeliveryDataRejectsTheWholeSaveBeforeAnyStateChanges(&quot;live item ids swapped between package and item&quot;)" methodname="CorruptDeliveryDataRejectsTheWholeSaveBeforeAnyStateChanges" classname="GoLive.Tests.DeliveryPlayModeTests" runstate="Runnable" seed="552371634" result="Passed" start-time="2026-09-26 13:18:52Z" end-time="2026-09-26 13:18:52Z" duration="0.091031" asserts="0">
                <properties>
                  <property name="retryIteration" value="0" />
                  <property name="repeatIteration" value="0" />
                </properties>
                <output><![CDATA[GO! LIVE save created: C:\Users\delus\AppData\Local\Temp\GoLiveSaveTests\630a0b556bfe46438981534f50ad4f6b\save.json
Save validation failed: C:\Users\delus\AppData\Local\Temp\GoLiveSaveTests\630a0b556bfe46438981534f50ad4f6b\save.json
]]></output>
              </test-case>
              <test-case id="1114" name="CorruptDeliveryDataRejectsTheWholeSaveBeforeAnyStateChanges(&quot;delivery package saved in inventory&quot;)" fullname="GoLive.Tests.DeliveryPlayModeTests.CorruptDeliveryDataRejectsTheWholeSaveBeforeAnyStateChanges(&quot;delivery package saved in inventory&quot;)" methodname="CorruptDeliveryDataRejectsTheWholeSaveBeforeAnyStateChanges" classname="GoLive.Tests.DeliveryPlayModeTests" runstate="Runnable" seed="1041496037" result="Passed" start-time="2026-09-26 13:18:52Z" end-time="2026-09-26 13:18:52Z" duration="0.091479" asserts="0">
                <properties>
                  <property name="retryIteration" value="0" />
                  <property name="repeatIteration" value="0" />
                </properties>
                <output><![CDATA[GO! LIVE save created: C:\Users\delus\AppData\Local\Temp\GoLiveSaveTests\644df1119b2842c3a6bc414580ebf386\save.json
Save validation failed: C:\Users\delus\AppData\Local\Temp\GoLiveSaveTests\644df1119b2842c3a6bc414580ebf386\save.json
]]></output>
              </test-case>
            </test-suite>
            <test-case id="1083" name="EveryDueOrderGetsItsOwnPackage" fullname="GoLive.Tests.DeliveryPlayModeTests.EveryDueOrderGetsItsOwnPackage" methodname="EveryDueOrderGetsItsOwnPackage" classname="GoLive.Tests.DeliveryPlayModeTests" runstate="Runnable" seed="1918872586" result="Passed" start-time="2026-09-26 13:18:52Z" end-time="2026-09-26 13:18:52Z" duration="0.085495" asserts="0">
              <properties>
                <property name="_JOINTYPE" value="UnityCombinatorial" />
                <property name="retryIteration" value="0" />
                <property name="repeatIteration" value="0" />
              </properties>
            </test-case>
            <test-case id="1087" name="HoldingAnotherItemDoesNotStopOpeningAPackageInTheWorld" fullname="GoLive.Tests.DeliveryPlayModeTests.HoldingAnotherItemDoesNotStopOpeningAPackageInTheWorld" methodname="HoldingAnotherItemDoesNotStopOpeningAPackageInTheWorld" classname="GoLive.Tests.DeliveryPlayModeTests" runstate="Runnable" seed="74052785" result="Passed" start-time="2026-09-26 13:18:52Z" end-time="2026-09-26 13:18:52Z" duration="0.077039" asserts="0">
              <properties>
                <property name="_JOINTYPE" value="UnityCombinatorial" />
                <property name="retryIteration" value="0" />
                <property name="repeatIteration" value="0" />
              </properties>
            </test-case>
            <test-case id="1093" name="LoadedGameAlreadyPastTheDueTimeDeliversExactlyOnce" fullname="GoLive.Tests.DeliveryPlayModeTests.LoadedGameAlreadyPastTheDueTimeDeliversExactlyOnce" methodname="LoadedGameAlreadyPastTheDueTimeDeliversExactlyOnce" classname="GoLive.Tests.DeliveryPlayModeTests" runstate="Runnable" seed="1320810308" result="Passed" start-time="2026-09-26 13:18:52Z" end-time="2026-09-26 13:18:53Z" duration="0.089243" asserts="0">
              <properties>
                <property name="_JOINTYPE" value="UnityCombinatorial" />
                <property name="retryIteration" value="0" />
                <property name="repeatIteration" value="0" />
              </properties>
              <output><![CDATA[GO! LIVE save created: C:\Users\delus\AppData\Local\Temp\GoLiveSaveTests\39e29964b66e41dabecc6a84fea61415\save.json
GO! LIVE save loaded: C:\Users\delus\AppData\Local\Temp\GoLiveSaveTests\39e29964b66e41dabecc6a84fea61415\save.json
GO! LIVE save loaded: C:\Users\delus\AppData\Local\Temp\GoLiveSaveTests\39e29964b66e41dabecc6a84fea61415\save.json
]]></output>
            </test-case>
            <test-case id="1096" name="OpenedPackageWithUncollectedItemSurvivesSaveAndLoad" fullname="GoLive.Tests.DeliveryPlayModeTests.OpenedPackageWithUncollectedItemSurvivesSaveAndLoad" methodname="OpenedPackageWithUncollectedItemSurvivesSaveAndLoad" classname="GoLive.Tests.DeliveryPlayModeTests" runstate="Runnable" seed="1048134116" result="Passed" start-time="2026-09-26 13:18:53Z" end-time="2026-09-26 13:18:53Z" duration="0.089016" asserts="0">
              <properties>
                <property name="_JOINTYPE" value="UnityCombinatorial" />
                <property name="retryIteration" value="0" />
                <property name="repeatIteration" value="0" />
              </properties>
              <output><![CDATA[GO! LIVE save created: C:\Users\delus\AppData\Local\Temp\GoLiveSaveTests\9b88c8998c7a4d68909180f657213dc0\save.json
GO! LIVE save loaded: C:\Users\delus\AppData\Local\Temp\GoLiveSaveTests\9b88c8998c7a4d68909180f657213dc0\save.json
GO! LIVE save loaded: C:\Users\delus\AppData\Local\Temp\GoLiveSaveTests\9b88c8998c7a4d68909180f657213dc0\save.json
]]></output>
            </test-case>
            <test-case id="1085" name="OpeningTheCarriedPackageProducesExactlyOneCatalogItem" fullname="GoLive.Tests.DeliveryPlayModeTests.OpeningTheCarriedPackageProducesExactlyOneCatalogItem" methodname="OpeningTheCarriedPackageProducesExactlyOneCatalogItem" classname="GoLive.Tests.DeliveryPlayModeTests" runstate="Runnable" seed="1056011119" result="Passed" start-time="2026-09-26 13:18:53Z" end-time="2026-09-26 13:18:53Z" duration="0.083487" asserts="0">
              <properties>
                <property name="_JOINTYPE" value="UnityCombinatorial" />
                <property name="retryIteration" value="0" />
                <property name="repeatIteration" value="0" />
              </properties>
            </test-case>
            <test-case id="1084" name="OrderThatCannotBePhysicallyDeliveredStaysPlacedAndIsReportedOnce" fullname="GoLive.Tests.DeliveryPlayModeTests.OrderThatCannotBePhysicallyDeliveredStaysPlacedAndIsReportedOnce" methodname="OrderThatCannotBePhysicallyDeliveredStaysPlacedAndIsReportedOnce" classname="GoLive.Tests.DeliveryPlayModeTests" runstate="Runnable" seed="2080612061" result="Passed" start-time="2026-09-26 13:18:53Z" end-time="2026-09-26 13:18:53Z" duration="0.077149" asserts="0">
              <properties>
                <property name="_JOINTYPE" value="UnityCombinatorial" />
                <property name="retryIteration" value="0" />
                <property name="repeatIteration" value="0" />
              </properties>
              <output><![CDATA[Order retired-order (retired-widget) was not delivered: its product has no deliverable fulfillment item. It stays Placed and is retried after the next load.
]]></output>
            </test-case>
            <test-case id="1081" name="PackageArrivesOnceAtTheDropPointWhenDue" fullname="GoLive.Tests.DeliveryPlayModeTests.PackageArrivesOnceAtTheDropPointWhenDue" methodname="PackageArrivesOnceAtTheDropPointWhenDue" classname="GoLive.Tests.DeliveryPlayModeTests" runstate="Runnable" seed="1694350518" result="Passed" start-time="2026-09-26 13:18:53Z" end-time="2026-09-26 13:18:53Z" duration="0.074557" asserts="0">
              <properties>
                <property name="_JOINTYPE" value="UnityCombinatorial" />
                <property name="retryIteration" value="0" />
                <property name="repeatIteration" value="0" />
              </properties>
            </test-case>
            <test-case id="1089" name="PackageLoadedUnopenedOpensInTheWorldOnce" fullname="GoLive.Tests.DeliveryPlayModeTests.PackageLoadedUnopenedOpensInTheWorldOnce" methodname="PackageLoadedUnopenedOpensInTheWorldOnce" classname="GoLive.Tests.DeliveryPlayModeTests" runstate="Runnable" seed="1873591202" result="Passed" start-time="2026-09-26 13:18:53Z" end-time="2026-09-26 13:18:53Z" duration="0.085419" asserts="0">
              <properties>
                <property name="_JOINTYPE" value="UnityCombinatorial" />
                <property name="retryIteration" value="0" />
                <property name="repeatIteration" value="0" />
              </properties>
              <output><![CDATA[GO! LIVE save created: C:\Users\delus\AppData\Local\Temp\GoLiveSaveTests\36abaf2cc589414d967eb771d5e31bd8\save.json
GO! LIVE save loaded: C:\Users\delus\AppData\Local\Temp\GoLiveSaveTests\36abaf2cc589414d967eb771d5e31bd8\save.json
]]></output>
            </test-case>
            <test-case id="1088" name="PackageOpenedInTheWorldSurvivesSaveAndRepeatedLoad" fullname="GoLive.Tests.DeliveryPlayModeTests.PackageOpenedInTheWorldSurvivesSaveAndRepeatedLoad" methodname="PackageOpenedInTheWorldSurvivesSaveAndRepeatedLoad" classname="GoLive.Tests.DeliveryPlayModeTests" runstate="Runnable" seed="1308637004" result="Passed" start-time="2026-09-26 13:18:53Z" end-time="2026-09-26 13:18:53Z" duration="0.086956" asserts="0">
              <properties>
                <property name="_JOINTYPE" value="UnityCombinatorial" />
                <property name="retryIteration" value="0" />
                <property name="repeatIteration" value="0" />
              </properties>
              <output><![CDATA[GO! LIVE save created: C:\Users\delus\AppData\Local\Temp\GoLiveSaveTests\d9ff520331304b4a92ab2005cf2e0a7d\save.json
GO! LIVE save loaded: C:\Users\delus\AppData\Local\Temp\GoLiveSaveTests\d9ff520331304b4a92ab2005cf2e0a7d\save.json
GO! LIVE save loaded: C:\Users\delus\AppData\Local\Temp\GoLiveSaveTests\d9ff520331304b4a92ab2005cf2e0a7d\save.json
GO! LIVE save loaded: C:\Users\delus\AppData\Local\Temp\GoLiveSaveTests\d9ff520331304b4a92ab2005cf2e0a7d\save.json
]]></output>
            </test-case>
[...]
                <property name="repeatIteration" value="0" />
              </properties>
            </test-case>
            <test-case id="2193" name="EndListeningDiscardsAPartialPhraseAndKeepsTheModel" fullname="GoLive.Tests.VoicePipelineTests.EndListeningDiscardsAPartialPhraseAndKeepsTheModel" methodname="EndListeningDiscardsAPartialPhraseAndKeepsTheModel" classname="GoLive.Tests.VoicePipelineTests" runstate="Runnable" seed="2031270252" result="Passed" start-time="2026-09-26 13:20:58Z" end-time="2026-09-26 13:20:58Z" duration="0.216527" asserts="0">
              <properties>
                <property name="retryIteration" value="0" />
                <property name="repeatIteration" value="0" />
              </properties>
            </test-case>
            <test-case id="2187" name="InferenceExceptionAffectsOnlyThatPhrase" fullname="GoLive.Tests.VoicePipelineTests.InferenceExceptionAffectsOnlyThatPhrase" methodname="InferenceExceptionAffectsOnlyThatPhrase" classname="GoLive.Tests.VoicePipelineTests" runstate="Runnable" seed="290374739" result="Passed" start-time="2026-09-26 13:20:58Z" end-time="2026-09-26 13:20:58Z" duration="0.015540" asserts="0">
              <properties>
                <property name="retryIteration" value="0" />
                <property name="repeatIteration" value="0" />
              </properties>
            </test-case>
            <test-case id="2182" name="InvalidDetectorSettingsAreRejected" fullname="GoLive.Tests.VoicePipelineTests.InvalidDetectorSettingsAreRejected" methodname="InvalidDetectorSettingsAreRejected" classname="GoLive.Tests.VoicePipelineTests" runstate="Runnable" seed="568815099" result="Passed" start-time="2026-09-26 13:20:58Z" end-time="2026-09-26 13:20:58Z" duration="0.000555" asserts="0">
              <properties>
                <property name="retryIteration" value="0" />
                <property name="repeatIteration" value="0" />
              </properties>
            </test-case>
            <test-case id="2179" name="MaximumPhraseSplitsLongSpeechAndBuffersStayBounded" fullname="GoLive.Tests.VoicePipelineTests.MaximumPhraseSplitsLongSpeechAndBuffersStayBounded" methodname="MaximumPhraseSplitsLongSpeechAndBuffersStayBounded" classname="GoLive.Tests.VoicePipelineTests" runstate="Runnable" seed="1408261161" result="Passed" start-time="2026-09-26 13:20:58Z" end-time="2026-09-26 13:20:58Z" duration="0.016898" asserts="0">
              <properties>
                <property name="retryIteration" value="0" />
                <property name="repeatIteration" value="0" />
              </properties>
            </test-case>
            <test-case id="2186" name="MissingNativeBackendIsReportedAsUnavailable" fullname="GoLive.Tests.VoicePipelineTests.MissingNativeBackendIsReportedAsUnavailable" methodname="MissingNativeBackendIsReportedAsUnavailable" classname="GoLive.Tests.VoicePipelineTests" runstate="Runnable" seed="1219889798" result="Passed" start-time="2026-09-26 13:20:58Z" end-time="2026-09-26 13:20:58Z" duration="0.013370" asserts="0">
              <properties>
                <property name="retryIteration" value="0" />
                <property name="repeatIteration" value="0" />
              </properties>
            </test-case>
            <test-case id="2185" name="ModelMissingFailsOnceAndStopsAccepting" fullname="GoLive.Tests.VoicePipelineTests.ModelMissingFailsOnceAndStopsAccepting" methodname="ModelMissingFailsOnceAndStopsAccepting" classname="GoLive.Tests.VoicePipelineTests" runstate="Runnable" seed="1075932661" result="Passed" start-time="2026-09-26 13:20:58Z" end-time="2026-09-26 13:20:58Z" duration="0.015207" asserts="0">
              <properties>
                <property name="retryIteration" value="0" />
                <property name="repeatIteration" value="0" />
              </properties>
            </test-case>
            <test-case id="2176" name="NoiseShorterThanTheOnsetIsIgnored" fullname="GoLive.Tests.VoicePipelineTests.NoiseShorterThanTheOnsetIsIgnored" methodname="NoiseShorterThanTheOnsetIsIgnored" classname="GoLive.Tests.VoicePipelineTests" runstate="Runnable" seed="1121851758" result="Passed" start-time="2026-09-26 13:20:58Z" end-time="2026-09-26 13:20:58Z" duration="0.000785" asserts="0">
              <properties>
                <property name="retryIteration" value="0" />
                <property name="repeatIteration" value="0" />
              </properties>
            </test-case>
            <test-case id="2188" name="QueueIsBoundedAndDropsTheOldestWaitingPhrase" fullname="GoLive.Tests.VoicePipelineTests.QueueIsBoundedAndDropsTheOldestWaitingPhrase" methodname="QueueIsBoundedAndDropsTheOldestWaitingPhrase" classname="GoLive.Tests.VoicePipelineTests" runstate="Runnable" seed="1716399390" result="Passed" start-time="2026-09-26 13:20:58Z" end-time="2026-09-26 13:20:58Z" duration="0.031613" asserts="0">
              <properties>
                <property name="retryIteration" value="0" />
                <property name="repeatIteration" value="0" />
              </properties>
            </test-case>
            <test-case id="2204" name="RecognizedSpeechIsAPlainValueWithText" fullname="GoLive.Tests.VoicePipelineTests.RecognizedSpeechIsAPlainValueWithText" methodname="RecognizedSpeechIsAPlainValueWithText" classname="GoLive.Tests.VoicePipelineTests" runstate="Runnable" seed="829257935" result="Passed" start-time="2026-09-26 13:20:58Z" end-time="2026-09-26 13:20:58Z" duration="0.000675" asserts="0">
              <properties>
                <property name="retryIteration" value="0" />
                <property name="repeatIteration" value="0" />
              </properties>
            </test-case>
            <test-case id="2183" name="RecognizerInputIsResampledAndPaddedToTheBackendMinimum" fullname="GoLive.Tests.VoicePipelineTests.RecognizerInputIsResampledAndPaddedToTheBackendMinimum" methodname="RecognizerInputIsResampledAndPaddedToTheBackendMinimum" classname="GoLive.Tests.VoicePipelineTests" runstate="Runnable" seed="1387260735" result="Passed" start-time="2026-09-26 13:20:58Z" end-time="2026-09-26 13:20:58Z" duration="0.000212" asserts="0">
              <properties>
                <property name="retryIteration" value="0" />
                <property name="repeatIteration" value="0" />
              </properties>
            </test-case>
            <test-case id="2181" name="ResetDiscardsAHalfSpokenPhrase" fullname="GoLive.Tests.VoicePipelineTests.ResetDiscardsAHalfSpokenPhrase" methodname="ResetDiscardsAHalfSpokenPhrase" classname="GoLive.Tests.VoicePipelineTests" runstate="Runnable" seed="121673632" result="Passed" start-time="2026-09-26 13:20:58Z" end-time="2026-09-26 13:20:58Z" duration="0.000746" asserts="0">
              <properties>
                <property name="retryIteration" value="0" />
                <property name="repeatIteration" value="0" />
              </properties>
            </test-case>
            <test-case id="2175" name="SilenceNeverOpensAPhrase" fullname="GoLive.Tests.VoicePipelineTests.SilenceNeverOpensAPhrase" methodname="SilenceNeverOpensAPhrase" classname="GoLive.Tests.VoicePipelineTests" runstate="Runnable" seed="445604886" result="Passed" start-time="2026-09-26 13:20:58Z" end-time="2026-09-26 13:20:58Z" duration="0.000731" asserts="0">
              <properties>
                <property name="retryIteration" value="0" />
                <property name="repeatIteration" value="0" />
              </properties>
            </test-case>
            <test-case id="2177" name="SilenceTimeoutClosesThePhraseWithPreRollAndShortTail" fullname="GoLive.Tests.VoicePipelineTests.SilenceTimeoutClosesThePhraseWithPreRollAndShortTail" methodname="SilenceTimeoutClosesThePhraseWithPreRollAndShortTail" classname="GoLive.Tests.VoicePipelineTests" runstate="Runnable" seed="649190943" result="Passed" start-time="2026-09-26 13:20:58Z" end-time="2026-09-26 13:20:58Z" duration="0.001063" asserts="0">
              <properties>
                <property name="retryIteration" value="0" />
                <property name="repeatIteration" value="0" />
              </properties>
            </test-case>
            <test-case id="2178" name="SpeechBelowTheMinimumPhraseIsDiscarded" fullname="GoLive.Tests.VoicePipelineTests.SpeechBelowTheMinimumPhraseIsDiscarded" methodname="SpeechBelowTheMinimumPhraseIsDiscarded" classname="GoLive.Tests.VoicePipelineTests" runstate="Runnable" seed="485948797" result="Passed" start-time="2026-09-26 13:20:58Z" end-time="2026-09-26 13:20:58Z" duration="0.000548" asserts="0">
              <properties>
                <property name="retryIteration" value="0" />
                <property name="repeatIteration" value="0" />
              </properties>
            </test-case>
            <test-case id="2191" name="SpokenPhraseBecomesRecognizedSpeechOnceWithLanguageAndTimestamp" fullname="GoLive.Tests.VoicePipelineTests.SpokenPhraseBecomesRecognizedSpeechOnceWithLanguageAndTimestamp" methodname="SpokenPhraseBecomesRecognizedSpeechOnceWithLanguageAndTimestamp" classname="GoLive.Tests.VoicePipelineTests" runstate="Runnable" seed="1785195265" result="Passed" start-time="2026-09-26 13:20:58Z" end-time="2026-09-26 13:20:58Z" duration="0.126767" asserts="0">
              <properties>
                <property name="retryIteration" value="0" />
                <property name="repeatIteration" value="0" />
              </properties>
            </test-case>
            <test-case id="2194" name="StatusReportsMicrophoneModelAndBackendFailuresWithoutThrowing" fullname="GoLive.Tests.VoicePipelineTests.StatusReportsMicrophoneModelAndBackendFailuresWithoutThrowing" methodname="StatusReportsMicrophoneModelAndBackendFailuresWithoutThrowing" classname="GoLive.Tests.VoicePipelineTests" runstate="Runnable" seed="352225014" result="Passed" start-time="2026-09-26 13:20:58Z" end-time="2026-09-26 13:20:58Z" duration="0.025098" asserts="0">
              <properties>
                <property name="retryIteration" value="0" />
                <property name="repeatIteration" value="0" />
              </properties>
            </test-case>
            <test-case id="2189" name="StopDuringInferenceNeverFreesTheModelUnderIt" fullname="GoLive.Tests.VoicePipelineTests.StopDuringInferenceNeverFreesTheModelUnderIt" methodname="StopDuringInferenceNeverFreesTheModelUnderIt" classname="GoLive.Tests.VoicePipelineTests" runstate="Runnable" seed="210674885" result="Passed" start-time="2026-09-26 13:20:58Z" end-time="2026-09-26 13:20:58Z" duration="0.078080" asserts="0">
              <properties>
                <property name="retryIteration" value="0" />
                <property name="repeatIteration" value="0" />
              </properties>
            </test-case>
            <test-case id="2180" name="SustainedBackgroundSoundStopsOpeningPhrasesButSpeechStillDoes" fullname="GoLive.Tests.VoicePipelineTests.SustainedBackgroundSoundStopsOpeningPhrasesButSpeechStillDoes" methodname="SustainedBackgroundSoundStopsOpeningPhrasesButSpeechStillDoes" classname="GoLive.Tests.VoicePipelineTests" runstate="Runnable" seed="774711147" result="Passed" start-time="2026-09-26 13:20:58Z" end-time="2026-09-26 13:20:58Z" duration="0.007220" asserts="0">
              <properties>
                <property name="retryIteration" value="0" />
                <property name="repeatIteration" value="0" />
              </properties>
            </test-case>
            <test-suite type="ParameterizedMethod" id="2203" name="WhisperArtifactsAreNotSpeech" fullname="GoLive.Tests.VoicePipelineTests.WhisperArtifactsAreNotSpeech" classname="GoLive.Tests.VoicePipelineTests" runstate="Runnable" testcasecount="7" result="Passed" start-time="2026-09-26 13:20:58Z" end-time="2026-09-26 13:20:58Z" duration="0.001350" total="7" passed="7" failed="0" inconclusive="0" skipped="0" asserts="0">
              <properties />
              <test-case id="2196" name="WhisperArtifactsAreNotSpeech(&quot;[Bell]&quot;,&quot;&quot;)" fullname="GoLive.Tests.VoicePipelineTests.WhisperArtifactsAreNotSpeech(&quot;[Bell]&quot;,&quot;&quot;)" methodname="WhisperArtifactsAreNotSpeech" classname="GoLive.Tests.VoicePipelineTests" runstate="Runnable" seed="123673625" result="Passed" start-time="2026-09-26 13:20:58Z" end-time="2026-09-26 13:20:58Z" duration="0.000434" asserts="0">
                <properties>
                  <property name="retryIteration" value="0" />
                  <property name="repeatIteration" value="0" />
                </properties>
              </test-case>
              <test-case id="2197" name="WhisperArtifactsAreNotSpeech(&quot;(музыка)&quot;,&quot;&quot;)" fullname="GoLive.Tests.VoicePipelineTests.WhisperArtifactsAreNotSpeech(&quot;(музыка)&quot;,&quot;&quot;)" methodname="WhisperArtifactsAreNotSpeech" classname="GoLive.Tests.VoicePipelineTests" runstate="Runnable" seed="575626661" result="Passed" start-time="2026-09-26 13:20:58Z" end-time="2026-09-26 13:20:58Z" duration="0.000050" asserts="0">
                <properties>
                  <property name="retryIteration" value="0" />
                  <property name="repeatIteration" value="0" />
                </properties>
              </test-case>
              <test-case id="2198" name="WhisperArtifactsAreNotSpeech(&quot;♪ ♪&quot;,&quot;&quot;)" fullname="GoLive.Tests.VoicePipelineTests.WhisperArtifactsAreNotSpeech(&quot;♪ ♪&quot;,&quot;&quot;)" methodname="WhisperArtifactsAreNotSpeech" classname="GoLive.Tests.VoicePipelineTests" runstate="Runnable" seed="853836564" result="Passed" start-time="2026-09-26 13:20:58Z" end-time="2026-09-26 13:20:58Z" duration="0.000043" asserts="0">
                <properties>
                  <property name="retryIteration" value="0" />
                  <property name="repeatIteration" value="0" />
                </properties>
              </test-case>
              <test-case id="2199" name="WhisperArtifactsAreNotSpeech(&quot; Редактор субтитров А.Синецкая Корректор А.Сухиашвили&quot;,&quot;&quot;)" fullname="GoLive.Tests.VoicePipelineTests.WhisperArtifactsAreNotSpeech(&quot; Редактор субтитров А.Синецкая Корректор А.Сухиашвили&quot;,&quot;&quot;)" methodname="WhisperArtifactsAreNotSpeech" classname="GoLive.Tests.VoicePipelineTests" runstate="Runnable" seed="168566843" result="Passed" start-time="2026-09-26 13:20:58Z" end-time="2026-09-26 13:20:58Z" duration="0.000052" asserts="0">
                <properties>
                  <property name="retryIteration" value="0" />
                  <property name="repeatIteration" value="0" />
                </properties>
              </test-case>
              <test-case id="2200" name="WhisperArtifactsAreNotSpeech(&quot;Subtitles by the Amara.org community&quot;,&quot;&quot;)" fullname="GoLive.Tests.VoicePipelineTests.WhisperArtifactsAreNotSpeech(&quot;Subtitles by the Amara.org community&quot;,&quot;&quot;)" methodname="WhisperArtifactsAreNotSpeech" classname="GoLive.Tests.VoicePipelineTests" runstate="Runnable" seed="2016430620" result="Passed" start-time="2026-09-26 13:20:58Z" end-time="2026-09-26 13:20:58Z" duration="0.000039" asserts="0">
                <properties>
                  <property name="retryIteration" value="0" />
                  <property name="repeatIteration" value="0" />
                </properties>
              </test-case>
              <test-case id="2201" name="WhisperArtifactsAreNotSpeech(&quot; Привет, чат! &quot;,&quot;Привет, чат!&quot;)" fullname="GoLive.Tests.VoicePipelineTests.WhisperArtifactsAreNotSpeech(&quot; Привет, чат! &quot;,&quot;Привет, чат!&quot;)" methodname="WhisperArtifactsAreNotSpeech" classname="GoLive.Tests.VoicePipelineTests" runstate="Runnable" seed="1302577674" result="Passed" start-time="2026-09-26 13:20:58Z" end-time="2026-09-26 13:20:58Z" duration="0.000037" asserts="0">
                <properties>
                  <property name="retryIteration" value="0" />
                  <property name="repeatIteration" value="0" />
                </properties>
              </test-case>
              <test-case id="2202" name="WhisperArtifactsAreNotSpeech(&quot;Hello [laughs] chat,  let's go&quot;,&quot;Hello chat, let's go&quot;)" fullname="GoLive.Tests.VoicePipelineTests.WhisperArtifactsAreNotSpeech(&quot;Hello [laughs] chat,  let's go&quot;,&quot;Hello chat, let's go&quot;)" methodname="WhisperArtifactsAreNotSpeech" classname="GoLive.Tests.VoicePipelineTests" runstate="Runnable" seed="300799182" result="Passed" start-time="2026-09-26 13:20:58Z" end-time="2026-09-26 13:20:58Z" duration="0.000036" asserts="0">
                <properties>
                  <property name="retryIteration" value="0" />
                  <property name="repeatIteration" value="0" />
                </properties>
              </test-case>
            </test-suite>
            <test-case id="2184" name="WorkerRecognizesOffTheCallingThreadAndDisposesTheBackendThere" fullname="GoLive.Tests.VoicePipelineTests.WorkerRecognizesOffTheCallingThreadAndDisposesTheBackendThere" methodname="WorkerRecognizesOffTheCallingThreadAndDisposesTheBackendThere" classname="GoLive.Tests.VoicePipelineTests" runstate="Runnable" seed="267607079" result="Passed" start-time="2026-09-26 13:20:58Z" end-time="2026-09-26 13:20:58Z" duration="0.023491" asserts="0">
              <properties>
                <property name="retryIteration" value="0" />
                <property name="repeatIteration" value="0" />
              </properties>
            </test-case>
          </test-suite>
          <test-suite type="TestFixture" id="2205" name="WalletTests" fullname="GoLive.Tests.WalletTests" classname="GoLive.Tests.WalletTests" runstate="Runnable" testcasecount="3" result="Passed" start-time="2026-09-26 13:20:58Z" end-time="2026-09-26 13:20:58Z" duration="0.001264" total="3" passed="3" failed="0" inconclusive="0" skipped="0" asserts="0">
            <properties />
            <test-case id="2206" name="RefusedSpendChangesNothingAndStaysQuiet" fullname="GoLive.Tests.WalletTests.RefusedSpendChangesNothingAndStaysQuiet" methodname="RefusedSpendChangesNothingAndStaysQuiet" classname="GoLive.Tests.WalletTests" runstate="Runnable" seed="797409539" result="Passed" start-time="2026-09-26 13:20:58Z" end-time="2026-09-26 13:20:58Z" duration="0.000187" asserts="0">
              <properties>
                <property name="retryIteration" value="0" />
                <property name="repeatIteration" value="0" />
              </properties>
            </test-case>
            <test-case id="2207" name="SpendChargesBeforeItNotifies" fullname="GoLive.Tests.WalletTests.SpendChargesBeforeItNotifies" methodname="SpendChargesBeforeItNotifies" classname="GoLive.Tests.WalletTests" runstate="Runnable" seed="985694958" result="Passed" start-time="2026-09-26 13:20:58Z" end-time="2026-09-26 13:20:58Z" duration="0.000180" asserts="0">
              <properties>
                <property name="retryIteration" value="0" />
                <property name="repeatIteration" value="0" />
              </properties>
            </test-case>
            <test-case id="2208" name="SubscriberExceptionReachesTheCallerAfterTheCharge" fullname="GoLive.Tests.WalletTests.SubscriberExceptionReachesTheCallerAfterTheCharge" methodname="SubscriberExceptionReachesTheCallerAfterTheCharge" classname="GoLive.Tests.WalletTests" runstate="Runnable" seed="32913589" result="Passed" start-time="2026-09-26 13:20:58Z" end-time="2026-09-26 13:20:58Z" duration="0.000472" asserts="0">
              <properties>
                <property name="retryIteration" value="0" />
                <property name="repeatIteration" value="0" />
              </properties>
              <output><![CDATA[Saving results to: C:/Users/delus/AppData/LocalLow/DefaultCompany/My project\TestResults.xml
]]></output>
            </test-case>
          </test-suite>
        </test-suite>
      </test-suite>
    </test-suite>
  </test-suite>
</test-run>