<?xml version="1.0" encoding="utf-8"?>
<test-run id="2" testcasecount="1" result="Passed" total="1" passed="1" failed="0" inconclusive="0" skipped="0" asserts="0" engine-version="3.5.0.0" clr-version="4.0.30319.42000" start-time="2026-09-26 05:47:13Z" end-time="2026-09-26 05:48:00Z" duration="47.4371812">
  <test-suite type="TestSuite" id="1000" name="My project" fullname="My project" runstate="Runnable" testcasecount="1036" result="Passed" start-time="2026-09-26 05:47:13Z" end-time="2026-09-26 05:48:00Z" duration="47.437181" total="1" passed="1" failed="0" inconclusive="0" skipped="0" asserts="0">
    <properties>
      <property name="platform" value="EditMode" />
    </properties>
    <test-suite type="Assembly" id="2172" name="Assembly-CSharp-Editor.dll" fullname="E:/GO! Live/Library/ScriptAssemblies/Assembly-CSharp-Editor.dll" runstate="Runnable" testcasecount="1036" result="Passed" start-time="2026-09-26 05:47:13Z" end-time="2026-09-26 05:48:00Z" duration="47.415887" total="1" passed="1" failed="0" inconclusive="0" skipped="0" asserts="0">
      <properties>
        <property name="_PID" value="23940" />
        <property name="_APPDOMAIN" value="Unity Child Domain" />
        <property name="platform" value="EditMode" />
        <property name="EditorOnly" value="True" />
      </properties>
      <test-suite type="TestSuite" id="2173" name="GoLive" fullname="GoLive" runstate="Runnable" testcasecount="1036" result="Passed" start-time="2026-09-26 05:47:13Z" end-time="2026-09-26 05:48:00Z" duration="47.402522" total="1" passed="1" failed="0" inconclusive="0" skipped="0" asserts="0">
        <properties />
        <test-suite type="TestSuite" id="2174" name="Tests" fullname="GoLive.Tests" runstate="Runnable" testcasecount="1036" result="Passed" start-time="2026-09-26 05:47:13Z" end-time="2026-09-26 05:48:00Z" duration="47.388986" total="1" passed="1" failed="0" inconclusive="0" skipped="0" asserts="0">
          <properties />
          <test-suite type="TestFixture" id="2056" name="ViewerMilestoneQualityAudit" fullname="GoLive.Tests.ViewerMilestoneQualityAudit" classname="GoLive.Tests.ViewerMilestoneQualityAudit" runstate="Runnable" testcasecount="1" result="Passed" start-time="2026-09-26 05:47:13Z" end-time="2026-09-26 05:48:00Z" duration="47.376376" total="1" passed="1" failed="0" inconclusive="0" skipped="0" asserts="0">
            <properties />
            <test-case id="2057" name="AuditAllProfilesAcrossIntegratedContexts" fullname="GoLive.Tests.ViewerMilestoneQualityAudit.AuditAllProfilesAcrossIntegratedContexts" methodname="AuditAllProfilesAcrossIntegratedContexts" classname="GoLive.Tests.ViewerMilestoneQualityAudit" runstate="Explicit" seed="1860279178" result="Passed" start-time="2026-09-26 05:47:13Z" end-time="2026-09-26 05:48:00Z" duration="47.366188" asserts="0">
              <properties>
                <property name="_SKIPREASON" value="Requires the configured local model; retains every raw generation" />
                <property name="Timeout" value="1200000" />
                <property name="retryIteration" value="0" />
                <property name="repeatIteration" value="0" />
              </properties>
              <output><![CDATA[All raw attempts: E:\GO-Live-ViewerCore-audit-20260926\final-model-audit\viewer-milestone-raw.jsonl; semantic review remains required.
Saving results to: C:/Users/delus/AppData/LocalLow/DefaultCompany/My project\TestResults.xml
]]></output>
            </test-case>
          </test-suite>
        </test-suite>
      </test-suite>
    </test-suite>
  </test-suite>
</test-run>