<?xml version="1.0" encoding="utf-8"?>
<test-run id="2" testcasecount="1" result="Failed(Child)" total="1" passed="0" failed="1" inconclusive="0" skipped="0" asserts="0" engine-version="3.5.0.0" clr-version="4.0.30319.42000" start-time="2026-09-26 16:59:59Z" end-time="2026-09-26 17:01:22Z" duration="83.0073144">
  <test-suite type="TestSuite" id="1000" name="My project" fullname="My project" runstate="Runnable" testcasecount="1175" result="Failed" site="Child" start-time="2026-09-26 16:59:59Z" end-time="2026-09-26 17:01:22Z" duration="83.007314" total="1" passed="0" failed="1" inconclusive="0" skipped="0" asserts="0">
    <properties>
      <property name="platform" value="EditMode" />
    </properties>
    <failure>
      <message><![CDATA[One or more child tests had errors]]></message>
    </failure>
    <test-suite type="Assembly" id="2340" name="Assembly-CSharp-Editor.dll" fullname="E:/GO! Live/Library/ScriptAssemblies/Assembly-CSharp-Editor.dll" runstate="Runnable" testcasecount="1175" result="Failed" site="Child" start-time="2026-09-26 16:59:59Z" end-time="2026-09-26 17:01:22Z" duration="82.992788" total="1" passed="0" failed="1" inconclusive="0" skipped="0" asserts="0">
      <properties>
        <property name="_PID" value="32180" />
        <property name="_APPDOMAIN" value="Unity Child Domain" />
        <property name="platform" value="EditMode" />
        <property name="EditorOnly" value="True" />
      </properties>
      <failure>
        <message><![CDATA[One or more child tests had errors]]></message>
      </failure>
      <test-suite type="TestSuite" id="2341" name="GoLive" fullname="GoLive" runstate="Runnable" testcasecount="1175" result="Failed" site="Child" start-time="2026-09-26 16:59:59Z" end-time="2026-09-26 17:01:22Z" duration="82.986867" total="1" passed="0" failed="1" inconclusive="0" skipped="0" asserts="0">
        <properties />
        <failure>
          <message><![CDATA[One or more child tests had errors]]></message>
        </failure>
        <test-suite type="TestSuite" id="2342" name="Tests" fullname="GoLive.Tests" runstate="Runnable" testcasecount="1175" result="Failed" site="Child" start-time="2026-09-26 16:59:59Z" end-time="2026-09-26 17:01:22Z" duration="82.980973" total="1" passed="0" failed="1" inconclusive="0" skipped="0" asserts="0">
          <properties />
          <failure>
            <message><![CDATA[One or more child tests had errors]]></message>
          </failure>
          <test-suite type="TestFixture" id="1008" name="DesktopFlowPlayModeTests" fullname="GoLive.Tests.DesktopFlowPlayModeTests" classname="GoLive.Tests.DesktopFlowPlayModeTests" runstate="Runnable" testcasecount="9" result="Failed" site="Child" start-time="2026-09-26 16:59:59Z" end-time="2026-09-26 17:01:22Z" duration="82.963329" total="1" passed="0" failed="1" inconclusive="0" skipped="0" asserts="0">
            <properties>
              <property name="Category" value="DesktopVisualFlow" />
            </properties>
            <failure>
              <message><![CDATA[One or more child tests had errors]]></message>
            </failure>
            <test-case id="1015" name="SeventyFiveSecondRecordedConversationUsesTheProductionScenePipeline" fullname="GoLive.Tests.DesktopFlowPlayModeTests.SeventyFiveSecondRecordedConversationUsesTheProductionScenePipeline" methodname="SeventyFiveSecondRecordedConversationUsesTheProductionScenePipeline" classname="GoLive.Tests.DesktopFlowPlayModeTests" runstate="Explicit" seed="1518869009" result="Failed" start-time="2026-09-26 16:59:59Z" end-time="2026-09-26 17:01:22Z" duration="82.607132" asserts="0">
              <properties>
                <property name="_JOINTYPE" value="UnityCombinatorial" />
                <property name="_SKIPREASON" value="Requires the recorded microphone corpus and configured local chat model" />
                <property name="Category" value="ViewerCoreAcceptance" />
                <property name="Timeout" value="240000" />
                <property name="retryIteration" value="0" />
                <property name="repeatIteration" value="0" />
              </properties>
              <failure>
                <message><![CDATA[  short personal follow-up continues the exchange
  Expected: not <empty>
  But was:  <empty>
]]></message>
                <stack-trace><![CDATA[at GoLive.Tests.DesktopFlowPlayModeTests+<SeventyFiveSecondRecordedConversationUsesTheProductionScenePipeline>d__76.MoveNext () [0x0096d] in E:\GO! Live\Assets\Game\Tests\Editor\ViewerShortReplayPlayModeTests.cs:135
at UnityEngine.TestTools.TestEnumerator+<Execute>d__8.MoveNext () [0x0003a] in .\Library\PackageCache\com.unity.test-framework@7a3849e09bd0\UnityEngine.TestRunner\NUnitExtensions\Attributes\TestEnumerator.cs:52
]]></stack-trace>
              </failure>
              <output><![CDATA[BoxCollider does not support negative scale or size.
The effective box size has been forced positive and is likely to give unexpected collision geometry.
If you absolutely need to use negative scaling you can use the convex MeshCollider. Scene hierarchy path "Props/SM_Shelf_001"
MONITOR_AIM body=(11.13, 0.28, -13.08) camera=(11.12, 1.31, -13.08) forward=(0.94, 0.01, -0.34) target=(12.04, 1.32, -13.41) hit=SM_OldMonitorPC_001
MONITOR_AIM body=(11.11, 0.28, -13.08) camera=(11.10, 1.31, -13.08) forward=(0.94, 0.01, -0.34) target=(12.04, 1.32, -13.41) hit=SM_OldMonitorPC_001
Saving results to: C:/Users/delus/AppData/LocalLow/DefaultCompany/My project\TestResults.xml
]]></output>
            </test-case>
          </test-suite>
        </test-suite>
      </test-suite>
    </test-suite>
  </test-suite>
</test-run>